2014/04/09 17:33:51 Battlestar compiler
2014/04/09 17:33:51 Version 0.3
2014/04/09 17:33:51 Alexander Rødseth
2014/04/09 17:33:51 2014
2014/04/09 17:33:51 MIT licensed
2014/04/09 17:33:51 TOKEN keyword:const
2014/04/09 17:33:51 TOKEN name:bottle
2014/04/09 17:33:51 TOKEN assignment:=
2014/04/09 17:33:51 TOKEN " is part of a string
2014/04/09 17:33:51 ENTERING STRING
2014/04/09 17:33:51 EXITING STRING AT END OF STATEMENT
2014/04/09 17:33:51 STRING: " bottle" 
2014/04/09 17:33:51 TOKEN keyword:const
2014/04/09 17:33:51 TOKEN name:plural
2014/04/09 17:33:51 TOKEN assignment:=
2014/04/09 17:33:51 TOKEN "s" is part of a string
2014/04/09 17:33:51 ENTERING STRING
2014/04/09 17:33:51 EXITING STRING AT END OF STATEMENT
2014/04/09 17:33:51 STRING: "s" 
2014/04/09 17:33:51 TOKEN keyword:const
2014/04/09 17:33:51 TOKEN name:ofbeer
2014/04/09 17:33:51 TOKEN assignment:=
2014/04/09 17:33:51 TOKEN " is part of a string
2014/04/09 17:33:51 ENTERING STRING
2014/04/09 17:33:51 EXITING STRING AT END OF STATEMENT
2014/04/09 17:33:51 STRING: " of beer" 
2014/04/09 17:33:51 TOKEN keyword:const
2014/04/09 17:33:51 TOKEN name:wall
2014/04/09 17:33:51 TOKEN assignment:=
2014/04/09 17:33:51 TOKEN " is part of a string
2014/04/09 17:33:51 ENTERING STRING
2014/04/09 17:33:51 EXITING STRING AT END OF STATEMENT
2014/04/09 17:33:51 STRING: " on the wall" 
2014/04/09 17:33:51 TOKEN keyword:const
2014/04/09 17:33:51 TOKEN name:sep
2014/04/09 17:33:51 TOKEN assignment:=
2014/04/09 17:33:51 TOKEN ", is part of a string
2014/04/09 17:33:51 ENTERING STRING
2014/04/09 17:33:51 EXITING STRING AT END OF STATEMENT
2014/04/09 17:33:51 STRING: ", " 
2014/04/09 17:33:51 TOKEN keyword:const
2014/04/09 17:33:51 TOKEN name:takedown
2014/04/09 17:33:51 TOKEN assignment:=
2014/04/09 17:33:51 TOKEN "Take is part of a string
2014/04/09 17:33:51 ENTERING STRING
2014/04/09 17:33:51 EXITING STRING AT END OF STATEMENT
2014/04/09 17:33:51 STRING: "Take one down and pass it around, " 
2014/04/09 17:33:51 TOKEN keyword:const
2014/04/09 17:33:51 TOKEN name:u_no
2014/04/09 17:33:51 TOKEN assignment:=
2014/04/09 17:33:51 TOKEN "No" is part of a string
2014/04/09 17:33:51 ENTERING STRING
2014/04/09 17:33:51 EXITING STRING AT END OF STATEMENT
2014/04/09 17:33:51 STRING: "No" 
2014/04/09 17:33:51 TOKEN keyword:const
2014/04/09 17:33:51 TOKEN name:l_no
2014/04/09 17:33:51 TOKEN assignment:=
2014/04/09 17:33:51 TOKEN "no" is part of a string
2014/04/09 17:33:51 ENTERING STRING
2014/04/09 17:33:51 EXITING STRING AT END OF STATEMENT
2014/04/09 17:33:51 STRING: "no" 
2014/04/09 17:33:51 TOKEN keyword:const
2014/04/09 17:33:51 TOKEN name:more
2014/04/09 17:33:51 TOKEN assignment:=
2014/04/09 17:33:51 TOKEN " is part of a string
2014/04/09 17:33:51 ENTERING STRING
2014/04/09 17:33:51 EXITING STRING AT END OF STATEMENT
2014/04/09 17:33:51 STRING: " more bottles of beer" 
2014/04/09 17:33:51 TOKEN keyword:const
2014/04/09 17:33:51 TOKEN name:store
2014/04/09 17:33:51 TOKEN assignment:=
2014/04/09 17:33:51 TOKEN "Go is part of a string
2014/04/09 17:33:51 ENTERING STRING
2014/04/09 17:33:51 EXITING STRING AT END OF STATEMENT
2014/04/09 17:33:51 STRING: "Go to the store and buy some more, " 
2014/04/09 17:33:51 TOKEN keyword:const
2014/04/09 17:33:51 TOKEN name:dotnl
2014/04/09 17:33:51 TOKEN assignment:=
2014/04/09 17:33:51 TOKEN ".\n" is part of a string
2014/04/09 17:33:51 ENTERING STRING
2014/04/09 17:33:51 EXITING STRING AT END OF STATEMENT
2014/04/09 17:33:51 STRING: ".\n" 
2014/04/09 17:33:51 TOKEN keyword:const
2014/04/09 17:33:51 TOKEN name:nl
2014/04/09 17:33:51 TOKEN assignment:=
2014/04/09 17:33:51 TOKEN "\n" is part of a string
2014/04/09 17:33:51 ENTERING STRING
2014/04/09 17:33:51 EXITING STRING AT END OF STATEMENT
2014/04/09 17:33:51 STRING: "\n" 
2014/04/09 17:33:51 TOKEN keyword:fun
2014/04/09 17:33:51 TOKEN name:writenum
2014/04/09 17:33:51 TOKEN register:bx
2014/04/09 17:33:51 TOKEN assignment:=
2014/04/09 17:33:51 TOKEN register:ax
2014/04/09 17:33:51 TOKEN keyword:loop
2014/04/09 17:33:51 TOKEN keyword:break
2014/04/09 17:33:51 TOKEN register:ax
2014/04/09 17:33:51 NEWTOKENS [register:ax]
2014/04/09 17:33:51 TOKEN comparison:<
2014/04/09 17:33:51 TOKEN value:10
2014/04/09 17:33:51 NEWTOKENS [value:10]
2014/04/09 17:33:51 TOKEN register:ax
2014/04/09 17:33:51 TOKEN division:/=
2014/04/09 17:33:51 TOKEN value:10
2014/04/09 17:33:51 TOKEN register:bx
2014/04/09 17:33:51 TOKEN assignment:=
2014/04/09 17:33:51 TOKEN register:dx
2014/04/09 17:33:51 TOKEN register:ax
2014/04/09 17:33:51 TOKEN addition:+=
2014/04/09 17:33:51 TOKEN value:48
2014/04/09 17:33:51 TOKEN built-in:write
2014/04/09 17:33:51 TOKEN built-in:str
2014/04/09 17:33:51 TOKEN register:ax
2014/04/09 17:33:51 NEWTOKENS [register:ax]
2014/04/09 17:33:51 NEWTOKENS [built-in:write built-in:str register:ax]
2014/04/09 17:33:51 TOKEN keyword:break
2014/04/09 17:33:51 TOKEN keyword:end
2014/04/09 17:33:51 TOKEN register:ax
2014/04/09 17:33:51 TOKEN assignment:=
2014/04/09 17:33:51 TOKEN register:bx
2014/04/09 17:33:51 TOKEN register:ax
2014/04/09 17:33:51 TOKEN addition:+=
2014/04/09 17:33:51 TOKEN value:48
2014/04/09 17:33:51 TOKEN built-in:write
2014/04/09 17:33:51 TOKEN built-in:str
2014/04/09 17:33:51 TOKEN register:ax
2014/04/09 17:33:51 NEWTOKENS [register:ax]
2014/04/09 17:33:51 NEWTOKENS [built-in:write built-in:str register:ax]
2014/04/09 17:33:51 TOKEN keyword:end
2014/04/09 17:33:51 TOKEN keyword:fun
2014/04/09 17:33:51 TOKEN name:pluralifneeded
2014/04/09 17:33:51 TOKEN keyword:loop
2014/04/09 17:33:51 TOKEN keyword:break
2014/04/09 17:33:51 TOKEN register:ax
2014/04/09 17:33:51 NEWTOKENS [register:ax]
2014/04/09 17:33:51 TOKEN comparison:==
2014/04/09 17:33:51 TOKEN value:1
2014/04/09 17:33:51 NEWTOKENS [value:1]
2014/04/09 17:33:51 TOKEN built-in:write
2014/04/09 17:33:51 TOKEN name:plural
2014/04/09 17:33:51 NEWTOKENS [name:plural]
2014/04/09 17:33:51 NEWTOKENS [built-in:write name:plural]
2014/04/09 17:33:51 TOKEN keyword:break
2014/04/09 17:33:51 TOKEN keyword:end
2014/04/09 17:33:51 TOKEN keyword:end
2014/04/09 17:33:51 TOKEN keyword:fun
2014/04/09 17:33:51 TOKEN name:main
2014/04/09 17:33:51 TOKEN keyword:loop
2014/04/09 17:33:51 TOKEN value:99
2014/04/09 17:33:51 TOKEN register:cx
2014/04/09 17:33:51 TOKEN stack operation:->
2014/04/09 17:33:51 TOKEN name:stack
2014/04/09 17:33:51 TOKEN register:cx
2014/04/09 17:33:51 TOKEN stack operation:->
2014/04/09 17:33:51 TOKEN name:stack
2014/04/09 17:33:51 TOKEN register:ax
2014/04/09 17:33:51 TOKEN assignment:=
2014/04/09 17:33:51 TOKEN register:cx
2014/04/09 17:33:51 TOKEN name:writenum
2014/04/09 17:33:51 NEWTOKENS []
2014/04/09 17:33:51 NEWTOKENS [name:writenum]
2014/04/09 17:33:51 TOKEN built-in:write
2014/04/09 17:33:51 TOKEN name:bottle
2014/04/09 17:33:51 NEWTOKENS [name:bottle]
2014/04/09 17:33:51 NEWTOKENS [built-in:write name:bottle]
2014/04/09 17:33:51 TOKEN built-in:write
2014/04/09 17:33:51 TOKEN name:plural
2014/04/09 17:33:51 NEWTOKENS [name:plural]
2014/04/09 17:33:51 NEWTOKENS [built-in:write name:plural]
2014/04/09 17:33:51 TOKEN built-in:write
2014/04/09 17:33:51 TOKEN name:ofbeer
2014/04/09 17:33:51 NEWTOKENS [name:ofbeer]
2014/04/09 17:33:51 NEWTOKENS [built-in:write name:ofbeer]
2014/04/09 17:33:51 TOKEN built-in:write
2014/04/09 17:33:51 TOKEN name:wall
2014/04/09 17:33:51 NEWTOKENS [name:wall]
2014/04/09 17:33:51 NEWTOKENS [built-in:write name:wall]
2014/04/09 17:33:51 TOKEN built-in:write
2014/04/09 17:33:51 TOKEN name:sep
2014/04/09 17:33:51 NEWTOKENS [name:sep]
2014/04/09 17:33:51 NEWTOKENS [built-in:write name:sep]
2014/04/09 17:33:51 TOKEN name:stack
2014/04/09 17:33:51 TOKEN stack operation:->
2014/04/09 17:33:51 TOKEN register:ax
2014/04/09 17:33:51 TOKEN name:writenum
2014/04/09 17:33:51 NEWTOKENS []
2014/04/09 17:33:51 NEWTOKENS [name:writenum]
2014/04/09 17:33:51 TOKEN built-in:write
2014/04/09 17:33:51 TOKEN name:bottle
2014/04/09 17:33:51 NEWTOKENS [name:bottle]
2014/04/09 17:33:51 NEWTOKENS [built-in:write name:bottle]
2014/04/09 17:33:51 TOKEN built-in:write
2014/04/09 17:33:51 TOKEN name:plural
2014/04/09 17:33:51 NEWTOKENS [name:plural]
2014/04/09 17:33:51 NEWTOKENS [built-in:write name:plural]
2014/04/09 17:33:51 TOKEN built-in:write
2014/04/09 17:33:51 TOKEN name:ofbeer
2014/04/09 17:33:51 NEWTOKENS [name:ofbeer]
2014/04/09 17:33:51 NEWTOKENS [built-in:write name:ofbeer]
2014/04/09 17:33:51 TOKEN built-in:write
2014/04/09 17:33:51 TOKEN name:dotnl
2014/04/09 17:33:51 NEWTOKENS [name:dotnl]
2014/04/09 17:33:51 NEWTOKENS [built-in:write name:dotnl]
2014/04/09 17:33:51 TOKEN built-in:write
2014/04/09 17:33:51 TOKEN name:takedown
2014/04/09 17:33:51 NEWTOKENS [name:takedown]
2014/04/09 17:33:51 NEWTOKENS [built-in:write name:takedown]
2014/04/09 17:33:51 TOKEN name:stack
2014/04/09 17:33:51 TOKEN stack operation:->
2014/04/09 17:33:51 TOKEN register:ax
2014/04/09 17:33:51 TOKEN register:ax
2014/04/09 17:33:51 TOKEN subtraction:-=
2014/04/09 17:33:51 TOKEN value:1
2014/04/09 17:33:51 NEWTOKENS [register:ax subtraction:-= value:1]
2014/04/09 17:33:51 TOKEN register:ax
2014/04/09 17:33:51 TOKEN stack operation:->
2014/04/09 17:33:51 TOKEN name:stack
2014/04/09 17:33:51 TOKEN name:writenum
2014/04/09 17:33:51 NEWTOKENS []
2014/04/09 17:33:51 NEWTOKENS [name:writenum]
2014/04/09 17:33:51 TOKEN built-in:write
2014/04/09 17:33:51 TOKEN name:bottle
2014/04/09 17:33:51 NEWTOKENS [name:bottle]
2014/04/09 17:33:51 NEWTOKENS [built-in:write name:bottle]
2014/04/09 17:33:51 TOKEN name:stack
2014/04/09 17:33:51 TOKEN stack operation:->
2014/04/09 17:33:51 TOKEN register:ax
2014/04/09 17:33:51 TOKEN name:pluralifneeded
2014/04/09 17:33:51 NEWTOKENS []
2014/04/09 17:33:51 NEWTOKENS [name:pluralifneeded]
2014/04/09 17:33:51 TOKEN built-in:write
2014/04/09 17:33:51 TOKEN name:ofbeer
2014/04/09 17:33:51 NEWTOKENS [name:ofbeer]
2014/04/09 17:33:51 NEWTOKENS [built-in:write name:ofbeer]
2014/04/09 17:33:51 TOKEN built-in:write
2014/04/09 17:33:51 TOKEN name:wall
2014/04/09 17:33:51 NEWTOKENS [name:wall]
2014/04/09 17:33:51 NEWTOKENS [built-in:write name:wall]
2014/04/09 17:33:51 TOKEN built-in:write
2014/04/09 17:33:51 TOKEN name:dotnl
2014/04/09 17:33:51 NEWTOKENS [name:dotnl]
2014/04/09 17:33:51 NEWTOKENS [built-in:write name:dotnl]
2014/04/09 17:33:51 TOKEN built-in:write
2014/04/09 17:33:51 TOKEN name:nl
2014/04/09 17:33:51 NEWTOKENS [name:nl]
2014/04/09 17:33:51 NEWTOKENS [built-in:write name:nl]
2014/04/09 17:33:51 TOKEN keyword:continue
2014/04/09 17:33:51 TOKEN register:cx
2014/04/09 17:33:51 NEWTOKENS [register:cx]
2014/04/09 17:33:51 TOKEN comparison:>=
2014/04/09 17:33:51 TOKEN value:2
2014/04/09 17:33:51 NEWTOKENS [value:2]
2014/04/09 17:33:51 TOKEN register:ax
2014/04/09 17:33:51 TOKEN assignment:=
2014/04/09 17:33:51 TOKEN value:1
2014/04/09 17:33:51 TOKEN name:writenum
2014/04/09 17:33:51 NEWTOKENS []
2014/04/09 17:33:51 NEWTOKENS [name:writenum]
2014/04/09 17:33:51 TOKEN built-in:write
2014/04/09 17:33:51 TOKEN name:bottle
2014/04/09 17:33:51 NEWTOKENS [name:bottle]
2014/04/09 17:33:51 NEWTOKENS [built-in:write name:bottle]
2014/04/09 17:33:51 TOKEN built-in:write
2014/04/09 17:33:51 TOKEN name:ofbeer
2014/04/09 17:33:51 NEWTOKENS [name:ofbeer]
2014/04/09 17:33:51 NEWTOKENS [built-in:write name:ofbeer]
2014/04/09 17:33:51 TOKEN built-in:write
2014/04/09 17:33:51 TOKEN name:wall
2014/04/09 17:33:51 NEWTOKENS [name:wall]
2014/04/09 17:33:51 NEWTOKENS [built-in:write name:wall]
2014/04/09 17:33:51 TOKEN built-in:write
2014/04/09 17:33:51 TOKEN name:sep
2014/04/09 17:33:51 NEWTOKENS [name:sep]
2014/04/09 17:33:51 NEWTOKENS [built-in:write name:sep]
2014/04/09 17:33:51 TOKEN register:ax
2014/04/09 17:33:51 TOKEN assignment:=
2014/04/09 17:33:51 TOKEN value:1
2014/04/09 17:33:51 TOKEN name:writenum
2014/04/09 17:33:51 NEWTOKENS []
2014/04/09 17:33:51 NEWTOKENS [name:writenum]
2014/04/09 17:33:51 TOKEN built-in:write
2014/04/09 17:33:51 TOKEN name:bottle
2014/04/09 17:33:51 NEWTOKENS [name:bottle]
2014/04/09 17:33:51 NEWTOKENS [built-in:write name:bottle]
2014/04/09 17:33:51 TOKEN built-in:write
2014/04/09 17:33:51 TOKEN name:ofbeer
2014/04/09 17:33:51 NEWTOKENS [name:ofbeer]
2014/04/09 17:33:51 NEWTOKENS [built-in:write name:ofbeer]
2014/04/09 17:33:51 TOKEN built-in:write
2014/04/09 17:33:51 TOKEN name:dotnl
2014/04/09 17:33:51 NEWTOKENS [name:dotnl]
2014/04/09 17:33:51 NEWTOKENS [built-in:write name:dotnl]
2014/04/09 17:33:51 TOKEN built-in:write
2014/04/09 17:33:51 TOKEN name:takedown
2014/04/09 17:33:51 NEWTOKENS [name:takedown]
2014/04/09 17:33:51 NEWTOKENS [built-in:write name:takedown]
2014/04/09 17:33:51 TOKEN built-in:write
2014/04/09 17:33:51 TOKEN name:l_no
2014/04/09 17:33:51 NEWTOKENS [name:l_no]
2014/04/09 17:33:51 NEWTOKENS [built-in:write name:l_no]
2014/04/09 17:33:51 TOKEN built-in:write
2014/04/09 17:33:51 TOKEN name:more
2014/04/09 17:33:51 NEWTOKENS [name:more]
2014/04/09 17:33:51 NEWTOKENS [built-in:write name:more]
2014/04/09 17:33:51 TOKEN built-in:write
2014/04/09 17:33:51 TOKEN name:wall
2014/04/09 17:33:51 NEWTOKENS [name:wall]
2014/04/09 17:33:51 NEWTOKENS [built-in:write name:wall]
2014/04/09 17:33:51 TOKEN built-in:write
2014/04/09 17:33:51 TOKEN name:dotnl
2014/04/09 17:33:51 NEWTOKENS [name:dotnl]
2014/04/09 17:33:51 NEWTOKENS [built-in:write name:dotnl]
2014/04/09 17:33:51 TOKEN built-in:write
2014/04/09 17:33:51 TOKEN name:nl
2014/04/09 17:33:51 NEWTOKENS [name:nl]
2014/04/09 17:33:51 NEWTOKENS [built-in:write name:nl]
2014/04/09 17:33:51 TOKEN built-in:write
2014/04/09 17:33:51 TOKEN name:u_no
2014/04/09 17:33:51 NEWTOKENS [name:u_no]
2014/04/09 17:33:51 NEWTOKENS [built-in:write name:u_no]
2014/04/09 17:33:51 TOKEN built-in:write
2014/04/09 17:33:51 TOKEN name:more
2014/04/09 17:33:51 NEWTOKENS [name:more]
2014/04/09 17:33:51 NEWTOKENS [built-in:write name:more]
2014/04/09 17:33:51 TOKEN built-in:write
2014/04/09 17:33:51 TOKEN name:wall
2014/04/09 17:33:51 NEWTOKENS [name:wall]
2014/04/09 17:33:51 NEWTOKENS [built-in:write name:wall]
2014/04/09 17:33:51 TOKEN built-in:write
2014/04/09 17:33:51 TOKEN name:sep
2014/04/09 17:33:51 NEWTOKENS [name:sep]
2014/04/09 17:33:51 NEWTOKENS [built-in:write name:sep]
2014/04/09 17:33:51 TOKEN built-in:write
2014/04/09 17:33:51 TOKEN name:l_no
2014/04/09 17:33:51 NEWTOKENS [name:l_no]
2014/04/09 17:33:51 NEWTOKENS [built-in:write name:l_no]
2014/04/09 17:33:51 TOKEN built-in:write
2014/04/09 17:33:51 TOKEN name:more
2014/04/09 17:33:51 NEWTOKENS [name:more]
2014/04/09 17:33:51 NEWTOKENS [built-in:write name:more]
2014/04/09 17:33:51 TOKEN built-in:write
2014/04/09 17:33:51 TOKEN name:dotnl
2014/04/09 17:33:51 NEWTOKENS [name:dotnl]
2014/04/09 17:33:51 NEWTOKENS [built-in:write name:dotnl]
2014/04/09 17:33:51 TOKEN built-in:write
2014/04/09 17:33:51 TOKEN name:store
2014/04/09 17:33:51 NEWTOKENS [name:store]
2014/04/09 17:33:51 NEWTOKENS [built-in:write name:store]
2014/04/09 17:33:51 TOKEN register:ax
2014/04/09 17:33:51 TOKEN assignment:=
2014/04/09 17:33:51 TOKEN value:99
2014/04/09 17:33:51 TOKEN name:writenum
2014/04/09 17:33:51 NEWTOKENS []
2014/04/09 17:33:51 NEWTOKENS [name:writenum]
2014/04/09 17:33:51 TOKEN built-in:write
2014/04/09 17:33:51 TOKEN name:bottle
2014/04/09 17:33:51 NEWTOKENS [name:bottle]
2014/04/09 17:33:51 NEWTOKENS [built-in:write name:bottle]
2014/04/09 17:33:51 TOKEN built-in:write
2014/04/09 17:33:51 TOKEN name:plural
2014/04/09 17:33:51 NEWTOKENS [name:plural]
2014/04/09 17:33:51 NEWTOKENS [built-in:write name:plural]
2014/04/09 17:33:51 TOKEN built-in:write
2014/04/09 17:33:51 TOKEN name:ofbeer
2014/04/09 17:33:51 NEWTOKENS [name:ofbeer]
2014/04/09 17:33:51 NEWTOKENS [built-in:write name:ofbeer]
2014/04/09 17:33:51 TOKEN built-in:write
2014/04/09 17:33:51 TOKEN name:wall
2014/04/09 17:33:51 NEWTOKENS [name:wall]
2014/04/09 17:33:51 NEWTOKENS [built-in:write name:wall]
2014/04/09 17:33:51 TOKEN built-in:write
2014/04/09 17:33:51 TOKEN name:dotnl
2014/04/09 17:33:51 NEWTOKENS [name:dotnl]
2014/04/09 17:33:51 NEWTOKENS [built-in:write name:dotnl]
2014/04/09 17:33:51 TOKEN keyword:end
2014/04/09 17:33:51 TOKEN keyword:end
2014/04/09 17:33:51 TOKEN keyword:const
2014/04/09 17:33:51 TOKEN name:bottle
2014/04/09 17:33:51 TOKEN assignment:=
2014/04/09 17:33:51 TOKEN " is part of a string
2014/04/09 17:33:51 ENTERING STRING
2014/04/09 17:33:51 EXITING STRING AT END OF STATEMENT
2014/04/09 17:33:51 STRING: " bottle" 
2014/04/09 17:33:51 TOKEN keyword:const
2014/04/09 17:33:51 TOKEN name:plural
2014/04/09 17:33:51 TOKEN assignment:=
2014/04/09 17:33:51 TOKEN "s" is part of a string
2014/04/09 17:33:51 ENTERING STRING
2014/04/09 17:33:51 EXITING STRING AT END OF STATEMENT
2014/04/09 17:33:51 STRING: "s" 
2014/04/09 17:33:51 TOKEN keyword:const
2014/04/09 17:33:51 TOKEN name:ofbeer
2014/04/09 17:33:51 TOKEN assignment:=
2014/04/09 17:33:51 TOKEN " is part of a string
2014/04/09 17:33:51 ENTERING STRING
2014/04/09 17:33:51 EXITING STRING AT END OF STATEMENT
2014/04/09 17:33:51 STRING: " of beer" 
2014/04/09 17:33:51 TOKEN keyword:const
2014/04/09 17:33:51 TOKEN name:wall
2014/04/09 17:33:51 TOKEN assignment:=
2014/04/09 17:33:51 TOKEN " is part of a string
2014/04/09 17:33:51 ENTERING STRING
2014/04/09 17:33:51 EXITING STRING AT END OF STATEMENT
2014/04/09 17:33:51 STRING: " on the wall" 
2014/04/09 17:33:51 TOKEN keyword:const
2014/04/09 17:33:51 TOKEN name:sep
2014/04/09 17:33:51 TOKEN assignment:=
2014/04/09 17:33:51 TOKEN ", is part of a string
2014/04/09 17:33:51 ENTERING STRING
2014/04/09 17:33:51 EXITING STRING AT END OF STATEMENT
2014/04/09 17:33:51 STRING: ", " 
2014/04/09 17:33:51 TOKEN keyword:const
2014/04/09 17:33:51 TOKEN name:takedown
2014/04/09 17:33:51 TOKEN assignment:=
2014/04/09 17:33:51 TOKEN "Take is part of a string
2014/04/09 17:33:51 ENTERING STRING
2014/04/09 17:33:51 EXITING STRING AT END OF STATEMENT
2014/04/09 17:33:51 STRING: "Take one down and pass it around, " 
2014/04/09 17:33:51 TOKEN keyword:const
2014/04/09 17:33:51 TOKEN name:u_no
2014/04/09 17:33:51 TOKEN assignment:=
2014/04/09 17:33:51 TOKEN "No" is part of a string
2014/04/09 17:33:51 ENTERING STRING
2014/04/09 17:33:51 EXITING STRING AT END OF STATEMENT
2014/04/09 17:33:51 STRING: "No" 
2014/04/09 17:33:51 TOKEN keyword:const
2014/04/09 17:33:51 TOKEN name:l_no
2014/04/09 17:33:51 TOKEN assignment:=
2014/04/09 17:33:51 TOKEN "no" is part of a string
2014/04/09 17:33:51 ENTERING STRING
2014/04/09 17:33:51 EXITING STRING AT END OF STATEMENT
2014/04/09 17:33:51 STRING: "no" 
2014/04/09 17:33:51 TOKEN keyword:const
2014/04/09 17:33:51 TOKEN name:more
2014/04/09 17:33:51 TOKEN assignment:=
2014/04/09 17:33:51 TOKEN " is part of a string
2014/04/09 17:33:51 ENTERING STRING
2014/04/09 17:33:51 EXITING STRING AT END OF STATEMENT
2014/04/09 17:33:51 STRING: " more bottles of beer" 
2014/04/09 17:33:51 TOKEN keyword:const
2014/04/09 17:33:51 TOKEN name:store
2014/04/09 17:33:51 TOKEN assignment:=
2014/04/09 17:33:51 TOKEN "Go is part of a string
2014/04/09 17:33:51 ENTERING STRING
2014/04/09 17:33:51 EXITING STRING AT END OF STATEMENT
2014/04/09 17:33:51 STRING: "Go to the store and buy some more, " 
2014/04/09 17:33:51 TOKEN keyword:const
2014/04/09 17:33:51 TOKEN name:dotnl
2014/04/09 17:33:51 TOKEN assignment:=
2014/04/09 17:33:51 TOKEN ".\n" is part of a string
2014/04/09 17:33:51 ENTERING STRING
2014/04/09 17:33:51 EXITING STRING AT END OF STATEMENT
2014/04/09 17:33:51 STRING: ".\n" 
2014/04/09 17:33:51 TOKEN keyword:const
2014/04/09 17:33:51 TOKEN name:nl
2014/04/09 17:33:51 TOKEN assignment:=
2014/04/09 17:33:51 TOKEN "\n" is part of a string
2014/04/09 17:33:51 ENTERING STRING
2014/04/09 17:33:51 EXITING STRING AT END OF STATEMENT
2014/04/09 17:33:51 STRING: "\n" 
2014/04/09 17:33:51 TOKEN keyword:fun
2014/04/09 17:33:51 TOKEN name:writenum
2014/04/09 17:33:51 TOKEN register:bx
2014/04/09 17:33:51 TOKEN assignment:=
2014/04/09 17:33:51 TOKEN register:ax
2014/04/09 17:33:51 TOKEN keyword:loop
2014/04/09 17:33:51 TOKEN keyword:break
2014/04/09 17:33:51 TOKEN register:ax
2014/04/09 17:33:51 NEWTOKENS [register:ax]
2014/04/09 17:33:51 TOKEN comparison:<
2014/04/09 17:33:51 TOKEN value:10
2014/04/09 17:33:51 NEWTOKENS [value:10]
2014/04/09 17:33:51 TOKEN register:ax
2014/04/09 17:33:51 TOKEN division:/=
2014/04/09 17:33:51 TOKEN value:10
2014/04/09 17:33:51 TOKEN register:bx
2014/04/09 17:33:51 TOKEN assignment:=
2014/04/09 17:33:51 TOKEN register:dx
2014/04/09 17:33:51 TOKEN register:ax
2014/04/09 17:33:51 TOKEN addition:+=
2014/04/09 17:33:51 TOKEN value:48
2014/04/09 17:33:51 TOKEN built-in:write
2014/04/09 17:33:51 TOKEN built-in:str
2014/04/09 17:33:51 TOKEN register:ax
2014/04/09 17:33:51 NEWTOKENS [register:ax]
2014/04/09 17:33:51 NEWTOKENS [built-in:write built-in:str register:ax]
2014/04/09 17:33:51 TOKEN keyword:break
2014/04/09 17:33:51 TOKEN keyword:end
2014/04/09 17:33:51 TOKEN register:ax
2014/04/09 17:33:51 TOKEN assignment:=
2014/04/09 17:33:51 TOKEN register:bx
2014/04/09 17:33:51 TOKEN register:ax
2014/04/09 17:33:51 TOKEN addition:+=
2014/04/09 17:33:51 TOKEN value:48
2014/04/09 17:33:51 TOKEN built-in:write
2014/04/09 17:33:51 TOKEN built-in:str
2014/04/09 17:33:51 TOKEN register:ax
2014/04/09 17:33:51 NEWTOKENS [register:ax]
2014/04/09 17:33:51 NEWTOKENS [built-in:write built-in:str register:ax]
2014/04/09 17:33:51 TOKEN keyword:end
2014/04/09 17:33:51 TOKEN keyword:fun
2014/04/09 17:33:51 TOKEN name:pluralifneeded
2014/04/09 17:33:51 TOKEN keyword:loop
2014/04/09 17:33:51 TOKEN keyword:break
2014/04/09 17:33:51 TOKEN register:ax
2014/04/09 17:33:51 NEWTOKENS [register:ax]
2014/04/09 17:33:51 TOKEN comparison:==
2014/04/09 17:33:51 TOKEN value:1
2014/04/09 17:33:51 NEWTOKENS [value:1]
2014/04/09 17:33:51 TOKEN built-in:write
2014/04/09 17:33:51 TOKEN name:plural
2014/04/09 17:33:51 NEWTOKENS [name:plural]
2014/04/09 17:33:51 NEWTOKENS [built-in:write name:plural]
2014/04/09 17:33:51 TOKEN keyword:break
2014/04/09 17:33:51 TOKEN keyword:end
2014/04/09 17:33:51 TOKEN keyword:end
2014/04/09 17:33:51 TOKEN keyword:fun
2014/04/09 17:33:51 TOKEN name:main
2014/04/09 17:33:51 TOKEN keyword:loop
2014/04/09 17:33:51 TOKEN value:99
2014/04/09 17:33:51 TOKEN register:cx
2014/04/09 17:33:51 TOKEN stack operation:->
2014/04/09 17:33:51 TOKEN name:stack
2014/04/09 17:33:51 TOKEN register:cx
2014/04/09 17:33:51 TOKEN stack operation:->
2014/04/09 17:33:51 TOKEN name:stack
2014/04/09 17:33:51 TOKEN register:ax
2014/04/09 17:33:51 TOKEN assignment:=
2014/04/09 17:33:51 TOKEN register:cx
2014/04/09 17:33:51 TOKEN name:writenum
2014/04/09 17:33:51 NEWTOKENS []
2014/04/09 17:33:51 NEWTOKENS [name:writenum]
2014/04/09 17:33:51 TOKEN built-in:write
2014/04/09 17:33:51 TOKEN name:bottle
2014/04/09 17:33:51 NEWTOKENS [name:bottle]
2014/04/09 17:33:51 NEWTOKENS [built-in:write name:bottle]
2014/04/09 17:33:51 TOKEN built-in:write
2014/04/09 17:33:51 TOKEN name:plural
2014/04/09 17:33:51 NEWTOKENS [name:plural]
2014/04/09 17:33:51 NEWTOKENS [built-in:write name:plural]
2014/04/09 17:33:51 TOKEN built-in:write
2014/04/09 17:33:51 TOKEN name:ofbeer
2014/04/09 17:33:51 NEWTOKENS [name:ofbeer]
2014/04/09 17:33:51 NEWTOKENS [built-in:write name:ofbeer]
2014/04/09 17:33:51 TOKEN built-in:write
2014/04/09 17:33:51 TOKEN name:wall
2014/04/09 17:33:51 NEWTOKENS [name:wall]
2014/04/09 17:33:51 NEWTOKENS [built-in:write name:wall]
2014/04/09 17:33:51 TOKEN built-in:write
2014/04/09 17:33:51 TOKEN name:sep
2014/04/09 17:33:51 NEWTOKENS [name:sep]
2014/04/09 17:33:51 NEWTOKENS [built-in:write name:sep]
2014/04/09 17:33:51 TOKEN name:stack
2014/04/09 17:33:51 TOKEN stack operation:->
2014/04/09 17:33:51 TOKEN register:ax
2014/04/09 17:33:51 TOKEN name:writenum
2014/04/09 17:33:51 NEWTOKENS []
2014/04/09 17:33:51 NEWTOKENS [name:writenum]
2014/04/09 17:33:51 TOKEN built-in:write
2014/04/09 17:33:51 TOKEN name:bottle
2014/04/09 17:33:51 NEWTOKENS [name:bottle]
2014/04/09 17:33:51 NEWTOKENS [built-in:write name:bottle]
2014/04/09 17:33:51 TOKEN built-in:write
2014/04/09 17:33:51 TOKEN name:plural
2014/04/09 17:33:51 NEWTOKENS [name:plural]
2014/04/09 17:33:51 NEWTOKENS [built-in:write name:plural]
2014/04/09 17:33:51 TOKEN built-in:write
2014/04/09 17:33:51 TOKEN name:ofbeer
2014/04/09 17:33:51 NEWTOKENS [name:ofbeer]
2014/04/09 17:33:51 NEWTOKENS [built-in:write name:ofbeer]
2014/04/09 17:33:51 TOKEN built-in:write
2014/04/09 17:33:51 TOKEN name:dotnl
2014/04/09 17:33:51 NEWTOKENS [name:dotnl]
2014/04/09 17:33:51 NEWTOKENS [built-in:write name:dotnl]
2014/04/09 17:33:51 TOKEN built-in:write
2014/04/09 17:33:51 TOKEN name:takedown
2014/04/09 17:33:51 NEWTOKENS [name:takedown]
2014/04/09 17:33:51 NEWTOKENS [built-in:write name:takedown]
2014/04/09 17:33:51 TOKEN name:stack
2014/04/09 17:33:51 TOKEN stack operation:->
2014/04/09 17:33:51 TOKEN register:ax
2014/04/09 17:33:51 TOKEN register:ax
2014/04/09 17:33:51 TOKEN subtraction:-=
2014/04/09 17:33:51 TOKEN value:1
2014/04/09 17:33:51 NEWTOKENS [register:ax subtraction:-= value:1]
2014/04/09 17:33:51 TOKEN register:ax
2014/04/09 17:33:51 TOKEN stack operation:->
2014/04/09 17:33:51 TOKEN name:stack
2014/04/09 17:33:51 TOKEN name:writenum
2014/04/09 17:33:51 NEWTOKENS []
2014/04/09 17:33:51 NEWTOKENS [name:writenum]
2014/04/09 17:33:51 TOKEN built-in:write
2014/04/09 17:33:51 TOKEN name:bottle
2014/04/09 17:33:51 NEWTOKENS [name:bottle]
2014/04/09 17:33:51 NEWTOKENS [built-in:write name:bottle]
2014/04/09 17:33:51 TOKEN name:stack
2014/04/09 17:33:51 TOKEN stack operation:->
2014/04/09 17:33:51 TOKEN register:ax
2014/04/09 17:33:51 TOKEN name:pluralifneeded
2014/04/09 17:33:51 NEWTOKENS []
2014/04/09 17:33:51 NEWTOKENS [name:pluralifneeded]
2014/04/09 17:33:51 TOKEN built-in:write
2014/04/09 17:33:51 TOKEN name:ofbeer
2014/04/09 17:33:51 NEWTOKENS [name:ofbeer]
2014/04/09 17:33:51 NEWTOKENS [built-in:write name:ofbeer]
2014/04/09 17:33:51 TOKEN built-in:write
2014/04/09 17:33:51 TOKEN name:wall
2014/04/09 17:33:51 NEWTOKENS [name:wall]
2014/04/09 17:33:51 NEWTOKENS [built-in:write name:wall]
2014/04/09 17:33:51 TOKEN built-in:write
2014/04/09 17:33:51 TOKEN name:dotnl
2014/04/09 17:33:51 NEWTOKENS [name:dotnl]
2014/04/09 17:33:51 NEWTOKENS [built-in:write name:dotnl]
2014/04/09 17:33:51 TOKEN built-in:write
2014/04/09 17:33:51 TOKEN name:nl
2014/04/09 17:33:51 NEWTOKENS [name:nl]
2014/04/09 17:33:51 NEWTOKENS [built-in:write name:nl]
2014/04/09 17:33:51 TOKEN keyword:continue
2014/04/09 17:33:51 TOKEN register:cx
2014/04/09 17:33:51 NEWTOKENS [register:cx]
2014/04/09 17:33:51 TOKEN comparison:>=
2014/04/09 17:33:51 TOKEN value:2
2014/04/09 17:33:51 NEWTOKENS [value:2]
2014/04/09 17:33:51 TOKEN register:ax
2014/04/09 17:33:51 TOKEN assignment:=
2014/04/09 17:33:51 TOKEN value:1
2014/04/09 17:33:51 TOKEN name:writenum
2014/04/09 17:33:51 NEWTOKENS []
2014/04/09 17:33:51 NEWTOKENS [name:writenum]
2014/04/09 17:33:51 TOKEN built-in:write
2014/04/09 17:33:51 TOKEN name:bottle
2014/04/09 17:33:51 NEWTOKENS [name:bottle]
2014/04/09 17:33:51 NEWTOKENS [built-in:write name:bottle]
2014/04/09 17:33:51 TOKEN built-in:write
2014/04/09 17:33:51 TOKEN name:ofbeer
2014/04/09 17:33:51 NEWTOKENS [name:ofbeer]
2014/04/09 17:33:51 NEWTOKENS [built-in:write name:ofbeer]
2014/04/09 17:33:51 TOKEN built-in:write
2014/04/09 17:33:51 TOKEN name:wall
2014/04/09 17:33:51 NEWTOKENS [name:wall]
2014/04/09 17:33:51 NEWTOKENS [built-in:write name:wall]
2014/04/09 17:33:51 TOKEN built-in:write
2014/04/09 17:33:51 TOKEN name:sep
2014/04/09 17:33:51 NEWTOKENS [name:sep]
2014/04/09 17:33:51 NEWTOKENS [built-in:write name:sep]
2014/04/09 17:33:51 TOKEN register:ax
2014/04/09 17:33:51 TOKEN assignment:=
2014/04/09 17:33:51 TOKEN value:1
2014/04/09 17:33:51 TOKEN name:writenum
2014/04/09 17:33:51 NEWTOKENS []
2014/04/09 17:33:51 NEWTOKENS [name:writenum]
2014/04/09 17:33:51 TOKEN built-in:write
2014/04/09 17:33:51 TOKEN name:bottle
2014/04/09 17:33:51 NEWTOKENS [name:bottle]
2014/04/09 17:33:51 NEWTOKENS [built-in:write name:bottle]
2014/04/09 17:33:51 TOKEN built-in:write
2014/04/09 17:33:51 TOKEN name:ofbeer
2014/04/09 17:33:51 NEWTOKENS [name:ofbeer]
2014/04/09 17:33:51 NEWTOKENS [built-in:write name:ofbeer]
2014/04/09 17:33:51 TOKEN built-in:write
2014/04/09 17:33:51 TOKEN name:dotnl
2014/04/09 17:33:51 NEWTOKENS [name:dotnl]
2014/04/09 17:33:51 NEWTOKENS [built-in:write name:dotnl]
2014/04/09 17:33:51 TOKEN built-in:write
2014/04/09 17:33:51 TOKEN name:takedown
2014/04/09 17:33:51 NEWTOKENS [name:takedown]
2014/04/09 17:33:51 NEWTOKENS [built-in:write name:takedown]
2014/04/09 17:33:51 TOKEN built-in:write
2014/04/09 17:33:51 TOKEN name:l_no
2014/04/09 17:33:51 NEWTOKENS [name:l_no]
2014/04/09 17:33:51 NEWTOKENS [built-in:write name:l_no]
2014/04/09 17:33:51 TOKEN built-in:write
2014/04/09 17:33:51 TOKEN name:more
2014/04/09 17:33:51 NEWTOKENS [name:more]
2014/04/09 17:33:51 NEWTOKENS [built-in:write name:more]
2014/04/09 17:33:51 TOKEN built-in:write
2014/04/09 17:33:51 TOKEN name:wall
2014/04/09 17:33:51 NEWTOKENS [name:wall]
2014/04/09 17:33:51 NEWTOKENS [built-in:write name:wall]
2014/04/09 17:33:51 TOKEN built-in:write
2014/04/09 17:33:51 TOKEN name:dotnl
2014/04/09 17:33:51 NEWTOKENS [name:dotnl]
2014/04/09 17:33:51 NEWTOKENS [built-in:write name:dotnl]
2014/04/09 17:33:51 TOKEN built-in:write
2014/04/09 17:33:51 TOKEN name:nl
2014/04/09 17:33:51 NEWTOKENS [name:nl]
2014/04/09 17:33:51 NEWTOKENS [built-in:write name:nl]
2014/04/09 17:33:51 TOKEN built-in:write
2014/04/09 17:33:51 TOKEN name:u_no
2014/04/09 17:33:51 NEWTOKENS [name:u_no]
2014/04/09 17:33:51 NEWTOKENS [built-in:write name:u_no]
2014/04/09 17:33:51 TOKEN built-in:write
2014/04/09 17:33:51 TOKEN name:more
2014/04/09 17:33:51 NEWTOKENS [name:more]
2014/04/09 17:33:51 NEWTOKENS [built-in:write name:more]
2014/04/09 17:33:51 TOKEN built-in:write
2014/04/09 17:33:51 TOKEN name:wall
2014/04/09 17:33:51 NEWTOKENS [name:wall]
2014/04/09 17:33:51 NEWTOKENS [built-in:write name:wall]
2014/04/09 17:33:51 TOKEN built-in:write
2014/04/09 17:33:51 TOKEN name:sep
2014/04/09 17:33:51 NEWTOKENS [name:sep]
2014/04/09 17:33:51 NEWTOKENS [built-in:write name:sep]
2014/04/09 17:33:51 TOKEN built-in:write
2014/04/09 17:33:51 TOKEN name:l_no
2014/04/09 17:33:51 NEWTOKENS [name:l_no]
2014/04/09 17:33:51 NEWTOKENS [built-in:write name:l_no]
2014/04/09 17:33:51 TOKEN built-in:write
2014/04/09 17:33:51 TOKEN name:more
2014/04/09 17:33:51 NEWTOKENS [name:more]
2014/04/09 17:33:51 NEWTOKENS [built-in:write name:more]
2014/04/09 17:33:51 TOKEN built-in:write
2014/04/09 17:33:51 TOKEN name:dotnl
2014/04/09 17:33:51 NEWTOKENS [name:dotnl]
2014/04/09 17:33:51 NEWTOKENS [built-in:write name:dotnl]
2014/04/09 17:33:51 TOKEN built-in:write
2014/04/09 17:33:51 TOKEN name:store
2014/04/09 17:33:51 NEWTOKENS [name:store]
2014/04/09 17:33:51 NEWTOKENS [built-in:write name:store]
2014/04/09 17:33:51 TOKEN register:ax
2014/04/09 17:33:51 TOKEN assignment:=
2014/04/09 17:33:51 TOKEN value:99
2014/04/09 17:33:51 TOKEN name:writenum
2014/04/09 17:33:51 NEWTOKENS []
2014/04/09 17:33:51 NEWTOKENS [name:writenum]
2014/04/09 17:33:51 TOKEN built-in:write
2014/04/09 17:33:51 TOKEN name:bottle
2014/04/09 17:33:51 NEWTOKENS [name:bottle]
2014/04/09 17:33:51 NEWTOKENS [built-in:write name:bottle]
2014/04/09 17:33:51 TOKEN built-in:write
2014/04/09 17:33:51 TOKEN name:plural
2014/04/09 17:33:51 NEWTOKENS [name:plural]
2014/04/09 17:33:51 NEWTOKENS [built-in:write name:plural]
2014/04/09 17:33:51 TOKEN built-in:write
2014/04/09 17:33:51 TOKEN name:ofbeer
2014/04/09 17:33:51 NEWTOKENS [name:ofbeer]
2014/04/09 17:33:51 NEWTOKENS [built-in:write name:ofbeer]
2014/04/09 17:33:51 TOKEN built-in:write
2014/04/09 17:33:51 TOKEN name:wall
2014/04/09 17:33:51 NEWTOKENS [name:wall]
2014/04/09 17:33:51 NEWTOKENS [built-in:write name:wall]
2014/04/09 17:33:51 TOKEN built-in:write
2014/04/09 17:33:51 TOKEN name:dotnl
2014/04/09 17:33:51 NEWTOKENS [name:dotnl]
2014/04/09 17:33:51 NEWTOKENS [built-in:write name:dotnl]
2014/04/09 17:33:51 TOKEN keyword:end
2014/04/09 17:33:51 TOKEN keyword:end
2014/04/09 17:33:51 --- Done tokenizing ---
2014/04/09 17:33:51 CONSTANT: "bottle"
2014/04/09 17:33:51 CONSTANT: "plural"
2014/04/09 17:33:51 CONSTANT: "ofbeer"
2014/04/09 17:33:51 CONSTANT: "wall"
2014/04/09 17:33:51 CONSTANT: "sep"
2014/04/09 17:33:51 CONSTANT: "takedown"
2014/04/09 17:33:51 CONSTANT: "u_no"
2014/04/09 17:33:51 CONSTANT: "l_no"
2014/04/09 17:33:51 CONSTANT: "more"
2014/04/09 17:33:51 CONSTANT: "store"
2014/04/09 17:33:51 CONSTANT: "dotnl"
2014/04/09 17:33:51 CONSTANT: "nl"
2014/04/09 17:33:51 Note: r8, r9 and r10 will be changed when dividing: ax /= 10
2014/04/09 17:33:51 TOKEN built-in:syscall
2014/04/09 17:33:51 TOKEN value:1
2014/04/09 17:33:51 NEWTOKENS [value:1]
2014/04/09 17:33:51 NEWTOKENS [built-in:syscall value:1]
2014/04/09 17:33:51 TOKEN value:1
2014/04/09 17:33:51 NEWTOKENS [value:1]
2014/04/09 17:33:51 TOKEN register:rsp
2014/04/09 17:33:51 NEWTOKENS [register:rsp]
2014/04/09 17:33:51 TOKEN built-in:len
2014/04/09 17:33:51 TOKEN register:rsp
2014/04/09 17:33:51 NEWTOKENS [register:rsp]
2014/04/09 17:33:51 NEWTOKENS [built-in:len register:rsp]
2014/04/09 17:33:51 SUCCESSFULL REPLACEMENT WITH value:4
2014/04/09 17:33:51 system call:
2014/04/09 17:33:51 built-in:syscall
2014/04/09 17:33:51 value:1
2014/04/09 17:33:51 value:1
2014/04/09 17:33:51 register:rsp
2014/04/09 17:33:51 value:4
2014/04/09 17:33:51 TOKEN built-in:syscall
2014/04/09 17:33:51 TOKEN value:1
2014/04/09 17:33:51 NEWTOKENS [value:1]
2014/04/09 17:33:51 NEWTOKENS [built-in:syscall value:1]
2014/04/09 17:33:51 TOKEN value:1
2014/04/09 17:33:51 NEWTOKENS [value:1]
2014/04/09 17:33:51 TOKEN register:rsp
2014/04/09 17:33:51 NEWTOKENS [register:rsp]
2014/04/09 17:33:51 TOKEN built-in:len
2014/04/09 17:33:51 TOKEN register:rsp
2014/04/09 17:33:51 NEWTOKENS [register:rsp]
2014/04/09 17:33:51 NEWTOKENS [built-in:len register:rsp]
2014/04/09 17:33:51 SUCCESSFULL REPLACEMENT WITH value:4
2014/04/09 17:33:51 system call:
2014/04/09 17:33:51 built-in:syscall
2014/04/09 17:33:51 value:1
2014/04/09 17:33:51 value:1
2014/04/09 17:33:51 register:rsp
2014/04/09 17:33:51 value:4
2014/04/09 17:33:51 function  writenum
2014/04/09 17:33:51 TOKEN built-in:syscall
2014/04/09 17:33:51 TOKEN value:1
2014/04/09 17:33:51 NEWTOKENS [value:1]
2014/04/09 17:33:51 NEWTOKENS [built-in:syscall value:1]
2014/04/09 17:33:51 TOKEN value:1
2014/04/09 17:33:51 NEWTOKENS [value:1]
2014/04/09 17:33:51 TOKEN name:plural
2014/04/09 17:33:51 NEWTOKENS [name:plural]
2014/04/09 17:33:51 TOKEN built-in:len
2014/04/09 17:33:51 TOKEN name:plural
2014/04/09 17:33:51 NEWTOKENS [name:plural]
2014/04/09 17:33:51 NEWTOKENS [built-in:len name:plural]
2014/04/09 17:33:51 SUCCESSFULL REPLACEMENT WITH name:_length_of_plural
2014/04/09 17:33:51 system call:
2014/04/09 17:33:51 built-in:syscall
2014/04/09 17:33:51 value:1
2014/04/09 17:33:51 value:1
2014/04/09 17:33:51 name:plural
2014/04/09 17:33:51 name:_length_of_plural
2014/04/09 17:33:51 function  pluralifneeded
2014/04/09 17:33:51 TOKEN built-in:syscall
2014/04/09 17:33:51 TOKEN value:1
2014/04/09 17:33:51 NEWTOKENS [value:1]
2014/04/09 17:33:51 NEWTOKENS [built-in:syscall value:1]
2014/04/09 17:33:51 TOKEN value:1
2014/04/09 17:33:51 NEWTOKENS [value:1]
2014/04/09 17:33:51 TOKEN name:bottle
2014/04/09 17:33:51 NEWTOKENS [name:bottle]
2014/04/09 17:33:51 TOKEN built-in:len
2014/04/09 17:33:51 TOKEN name:bottle
2014/04/09 17:33:51 NEWTOKENS [name:bottle]
2014/04/09 17:33:51 NEWTOKENS [built-in:len name:bottle]
2014/04/09 17:33:51 SUCCESSFULL REPLACEMENT WITH name:_length_of_bottle
2014/04/09 17:33:51 system call:
2014/04/09 17:33:51 built-in:syscall
2014/04/09 17:33:51 value:1
2014/04/09 17:33:51 value:1
2014/04/09 17:33:51 name:bottle
2014/04/09 17:33:51 name:_length_of_bottle
2014/04/09 17:33:51 TOKEN built-in:syscall
2014/04/09 17:33:51 TOKEN value:1
2014/04/09 17:33:51 NEWTOKENS [value:1]
2014/04/09 17:33:51 NEWTOKENS [built-in:syscall value:1]
2014/04/09 17:33:51 TOKEN value:1
2014/04/09 17:33:51 NEWTOKENS [value:1]
2014/04/09 17:33:51 TOKEN name:plural
2014/04/09 17:33:51 NEWTOKENS [name:plural]
2014/04/09 17:33:51 TOKEN built-in:len
2014/04/09 17:33:51 TOKEN name:plural
2014/04/09 17:33:51 NEWTOKENS [name:plural]
2014/04/09 17:33:51 NEWTOKENS [built-in:len name:plural]
2014/04/09 17:33:51 SUCCESSFULL REPLACEMENT WITH name:_length_of_plural
2014/04/09 17:33:51 system call:
2014/04/09 17:33:51 built-in:syscall
2014/04/09 17:33:51 value:1
2014/04/09 17:33:51 value:1
2014/04/09 17:33:51 name:plural
2014/04/09 17:33:51 name:_length_of_plural
2014/04/09 17:33:51 TOKEN built-in:syscall
2014/04/09 17:33:51 TOKEN value:1
2014/04/09 17:33:51 NEWTOKENS [value:1]
2014/04/09 17:33:51 NEWTOKENS [built-in:syscall value:1]
2014/04/09 17:33:51 TOKEN value:1
2014/04/09 17:33:51 NEWTOKENS [value:1]
2014/04/09 17:33:51 TOKEN name:ofbeer
2014/04/09 17:33:51 NEWTOKENS [name:ofbeer]
2014/04/09 17:33:51 TOKEN built-in:len
2014/04/09 17:33:51 TOKEN name:ofbeer
2014/04/09 17:33:51 NEWTOKENS [name:ofbeer]
2014/04/09 17:33:51 NEWTOKENS [built-in:len name:ofbeer]
2014/04/09 17:33:51 SUCCESSFULL REPLACEMENT WITH name:_length_of_ofbeer
2014/04/09 17:33:51 system call:
2014/04/09 17:33:51 built-in:syscall
2014/04/09 17:33:51 value:1
2014/04/09 17:33:51 value:1
2014/04/09 17:33:51 name:ofbeer
2014/04/09 17:33:51 name:_length_of_ofbeer
2014/04/09 17:33:51 TOKEN built-in:syscall
2014/04/09 17:33:51 TOKEN value:1
2014/04/09 17:33:51 NEWTOKENS [value:1]
2014/04/09 17:33:51 NEWTOKENS [built-in:syscall value:1]
2014/04/09 17:33:51 TOKEN value:1
2014/04/09 17:33:51 NEWTOKENS [value:1]
2014/04/09 17:33:51 TOKEN name:wall
2014/04/09 17:33:51 NEWTOKENS [name:wall]
2014/04/09 17:33:51 TOKEN built-in:len
2014/04/09 17:33:51 TOKEN name:wall
2014/04/09 17:33:51 NEWTOKENS [name:wall]
2014/04/09 17:33:51 NEWTOKENS [built-in:len name:wall]
2014/04/09 17:33:51 SUCCESSFULL REPLACEMENT WITH name:_length_of_wall
2014/04/09 17:33:51 system call:
2014/04/09 17:33:51 built-in:syscall
2014/04/09 17:33:51 value:1
2014/04/09 17:33:51 value:1
2014/04/09 17:33:51 name:wall
2014/04/09 17:33:51 name:_length_of_wall
2014/04/09 17:33:51 TOKEN built-in:syscall
2014/04/09 17:33:51 TOKEN value:1
2014/04/09 17:33:51 NEWTOKENS [value:1]
2014/04/09 17:33:51 NEWTOKENS [built-in:syscall value:1]
2014/04/09 17:33:51 TOKEN value:1
2014/04/09 17:33:51 NEWTOKENS [value:1]
2014/04/09 17:33:51 TOKEN name:sep
2014/04/09 17:33:51 NEWTOKENS [name:sep]
2014/04/09 17:33:51 TOKEN built-in:len
2014/04/09 17:33:51 TOKEN name:sep
2014/04/09 17:33:51 NEWTOKENS [name:sep]
2014/04/09 17:33:51 NEWTOKENS [built-in:len name:sep]
2014/04/09 17:33:51 SUCCESSFULL REPLACEMENT WITH name:_length_of_sep
2014/04/09 17:33:51 system call:
2014/04/09 17:33:51 built-in:syscall
2014/04/09 17:33:51 value:1
2014/04/09 17:33:51 value:1
2014/04/09 17:33:51 name:sep
2014/04/09 17:33:51 name:_length_of_sep
2014/04/09 17:33:51 TOKEN built-in:syscall
2014/04/09 17:33:51 TOKEN value:1
2014/04/09 17:33:51 NEWTOKENS [value:1]
2014/04/09 17:33:51 NEWTOKENS [built-in:syscall value:1]
2014/04/09 17:33:51 TOKEN value:1
2014/04/09 17:33:51 NEWTOKENS [value:1]
2014/04/09 17:33:51 TOKEN name:bottle
2014/04/09 17:33:51 NEWTOKENS [name:bottle]
2014/04/09 17:33:51 TOKEN built-in:len
2014/04/09 17:33:51 TOKEN name:bottle
2014/04/09 17:33:51 NEWTOKENS [name:bottle]
2014/04/09 17:33:51 NEWTOKENS [built-in:len name:bottle]
2014/04/09 17:33:51 SUCCESSFULL REPLACEMENT WITH name:_length_of_bottle
2014/04/09 17:33:51 system call:
2014/04/09 17:33:51 built-in:syscall
2014/04/09 17:33:51 value:1
2014/04/09 17:33:51 value:1
2014/04/09 17:33:51 name:bottle
2014/04/09 17:33:51 name:_length_of_bottle
2014/04/09 17:33:51 TOKEN built-in:syscall
2014/04/09 17:33:51 TOKEN value:1
2014/04/09 17:33:51 NEWTOKENS [value:1]
2014/04/09 17:33:51 NEWTOKENS [built-in:syscall value:1]
2014/04/09 17:33:51 TOKEN value:1
2014/04/09 17:33:51 NEWTOKENS [value:1]
2014/04/09 17:33:51 TOKEN name:plural
2014/04/09 17:33:51 NEWTOKENS [name:plural]
2014/04/09 17:33:51 TOKEN built-in:len
2014/04/09 17:33:51 TOKEN name:plural
2014/04/09 17:33:51 NEWTOKENS [name:plural]
2014/04/09 17:33:51 NEWTOKENS [built-in:len name:plural]
2014/04/09 17:33:51 SUCCESSFULL REPLACEMENT WITH name:_length_of_plural
2014/04/09 17:33:51 system call:
2014/04/09 17:33:51 built-in:syscall
2014/04/09 17:33:51 value:1
2014/04/09 17:33:51 value:1
2014/04/09 17:33:51 name:plural
2014/04/09 17:33:51 name:_length_of_plural
2014/04/09 17:33:51 TOKEN built-in:syscall
2014/04/09 17:33:51 TOKEN value:1
2014/04/09 17:33:51 NEWTOKENS [value:1]
2014/04/09 17:33:51 NEWTOKENS [built-in:syscall value:1]
2014/04/09 17:33:51 TOKEN value:1
2014/04/09 17:33:51 NEWTOKENS [value:1]
2014/04/09 17:33:51 TOKEN name:ofbeer
2014/04/09 17:33:51 NEWTOKENS [name:ofbeer]
2014/04/09 17:33:51 TOKEN built-in:len
2014/04/09 17:33:51 TOKEN name:ofbeer
2014/04/09 17:33:51 NEWTOKENS [name:ofbeer]
2014/04/09 17:33:51 NEWTOKENS [built-in:len name:ofbeer]
2014/04/09 17:33:51 SUCCESSFULL REPLACEMENT WITH name:_length_of_ofbeer
2014/04/09 17:33:51 system call:
2014/04/09 17:33:51 built-in:syscall
2014/04/09 17:33:51 value:1
2014/04/09 17:33:51 value:1
2014/04/09 17:33:51 name:ofbeer
2014/04/09 17:33:51 name:_length_of_ofbeer
2014/04/09 17:33:51 TOKEN built-in:syscall
2014/04/09 17:33:51 TOKEN value:1
2014/04/09 17:33:51 NEWTOKENS [value:1]
2014/04/09 17:33:51 NEWTOKENS [built-in:syscall value:1]
2014/04/09 17:33:51 TOKEN value:1
2014/04/09 17:33:51 NEWTOKENS [value:1]
2014/04/09 17:33:51 TOKEN name:dotnl
2014/04/09 17:33:51 NEWTOKENS [name:dotnl]
2014/04/09 17:33:51 TOKEN built-in:len
2014/04/09 17:33:51 TOKEN name:dotnl
2014/04/09 17:33:51 NEWTOKENS [name:dotnl]
2014/04/09 17:33:51 NEWTOKENS [built-in:len name:dotnl]
2014/04/09 17:33:51 SUCCESSFULL REPLACEMENT WITH name:_length_of_dotnl
2014/04/09 17:33:51 system call:
2014/04/09 17:33:51 built-in:syscall
2014/04/09 17:33:51 value:1
2014/04/09 17:33:51 value:1
2014/04/09 17:33:51 name:dotnl
2014/04/09 17:33:51 name:_length_of_dotnl
2014/04/09 17:33:51 TOKEN built-in:syscall
2014/04/09 17:33:51 TOKEN value:1
2014/04/09 17:33:51 NEWTOKENS [value:1]
2014/04/09 17:33:51 NEWTOKENS [built-in:syscall value:1]
2014/04/09 17:33:51 TOKEN value:1
2014/04/09 17:33:51 NEWTOKENS [value:1]
2014/04/09 17:33:51 TOKEN name:takedown
2014/04/09 17:33:51 NEWTOKENS [name:takedown]
2014/04/09 17:33:51 TOKEN built-in:len
2014/04/09 17:33:51 TOKEN name:takedown
2014/04/09 17:33:51 NEWTOKENS [name:takedown]
2014/04/09 17:33:51 NEWTOKENS [built-in:len name:takedown]
2014/04/09 17:33:51 SUCCESSFULL REPLACEMENT WITH name:_length_of_takedown
2014/04/09 17:33:51 system call:
2014/04/09 17:33:51 built-in:syscall
2014/04/09 17:33:51 value:1
2014/04/09 17:33:51 value:1
2014/04/09 17:33:51 name:takedown
2014/04/09 17:33:51 name:_length_of_takedown
2014/04/09 17:33:51 TOKEN built-in:syscall
2014/04/09 17:33:51 TOKEN value:1
2014/04/09 17:33:51 NEWTOKENS [value:1]
2014/04/09 17:33:51 NEWTOKENS [built-in:syscall value:1]
2014/04/09 17:33:51 TOKEN value:1
2014/04/09 17:33:51 NEWTOKENS [value:1]
2014/04/09 17:33:51 TOKEN name:bottle
2014/04/09 17:33:51 NEWTOKENS [name:bottle]
2014/04/09 17:33:51 TOKEN built-in:len
2014/04/09 17:33:51 TOKEN name:bottle
2014/04/09 17:33:51 NEWTOKENS [name:bottle]
2014/04/09 17:33:51 NEWTOKENS [built-in:len name:bottle]
2014/04/09 17:33:51 SUCCESSFULL REPLACEMENT WITH name:_length_of_bottle
2014/04/09 17:33:51 system call:
2014/04/09 17:33:51 built-in:syscall
2014/04/09 17:33:51 value:1
2014/04/09 17:33:51 value:1
2014/04/09 17:33:51 name:bottle
2014/04/09 17:33:51 name:_length_of_bottle
2014/04/09 17:33:51 TOKEN built-in:syscall
2014/04/09 17:33:51 TOKEN value:1
2014/04/09 17:33:51 NEWTOKENS [value:1]
2014/04/09 17:33:51 NEWTOKENS [built-in:syscall value:1]
2014/04/09 17:33:51 TOKEN value:1
2014/04/09 17:33:51 NEWTOKENS [value:1]
2014/04/09 17:33:51 TOKEN name:ofbeer
2014/04/09 17:33:51 NEWTOKENS [name:ofbeer]
2014/04/09 17:33:51 TOKEN built-in:len
2014/04/09 17:33:51 TOKEN name:ofbeer
2014/04/09 17:33:51 NEWTOKENS [name:ofbeer]
2014/04/09 17:33:51 NEWTOKENS [built-in:len name:ofbeer]
2014/04/09 17:33:51 SUCCESSFULL REPLACEMENT WITH name:_length_of_ofbeer
2014/04/09 17:33:51 system call:
2014/04/09 17:33:51 built-in:syscall
2014/04/09 17:33:51 value:1
2014/04/09 17:33:51 value:1
2014/04/09 17:33:51 name:ofbeer
2014/04/09 17:33:51 name:_length_of_ofbeer
2014/04/09 17:33:51 TOKEN built-in:syscall
2014/04/09 17:33:51 TOKEN value:1
2014/04/09 17:33:51 NEWTOKENS [value:1]
2014/04/09 17:33:51 NEWTOKENS [built-in:syscall value:1]
2014/04/09 17:33:51 TOKEN value:1
2014/04/09 17:33:51 NEWTOKENS [value:1]
2014/04/09 17:33:51 TOKEN name:wall
2014/04/09 17:33:51 NEWTOKENS [name:wall]
2014/04/09 17:33:51 TOKEN built-in:len
2014/04/09 17:33:51 TOKEN name:wall
2014/04/09 17:33:51 NEWTOKENS [name:wall]
2014/04/09 17:33:51 NEWTOKENS [built-in:len name:wall]
2014/04/09 17:33:51 SUCCESSFULL REPLACEMENT WITH name:_length_of_wall
2014/04/09 17:33:51 system call:
2014/04/09 17:33:51 built-in:syscall
2014/04/09 17:33:51 value:1
2014/04/09 17:33:51 value:1
2014/04/09 17:33:51 name:wall
2014/04/09 17:33:51 name:_length_of_wall
2014/04/09 17:33:51 TOKEN built-in:syscall
2014/04/09 17:33:51 TOKEN value:1
2014/04/09 17:33:51 NEWTOKENS [value:1]
2014/04/09 17:33:51 NEWTOKENS [built-in:syscall value:1]
2014/04/09 17:33:51 TOKEN value:1
2014/04/09 17:33:51 NEWTOKENS [value:1]
2014/04/09 17:33:51 TOKEN name:dotnl
2014/04/09 17:33:51 NEWTOKENS [name:dotnl]
2014/04/09 17:33:51 TOKEN built-in:len
2014/04/09 17:33:51 TOKEN name:dotnl
2014/04/09 17:33:51 NEWTOKENS [name:dotnl]
2014/04/09 17:33:51 NEWTOKENS [built-in:len name:dotnl]
2014/04/09 17:33:51 SUCCESSFULL REPLACEMENT WITH name:_length_of_dotnl
2014/04/09 17:33:51 system call:
2014/04/09 17:33:51 built-in:syscall
2014/04/09 17:33:51 value:1
2014/04/09 17:33:51 value:1
2014/04/09 17:33:51 name:dotnl
2014/04/09 17:33:51 name:_length_of_dotnl
2014/04/09 17:33:51 TOKEN built-in:syscall
2014/04/09 17:33:51 TOKEN value:1
2014/04/09 17:33:51 NEWTOKENS [value:1]
2014/04/09 17:33:51 NEWTOKENS [built-in:syscall value:1]
2014/04/09 17:33:51 TOKEN value:1
2014/04/09 17:33:51 NEWTOKENS [value:1]
2014/04/09 17:33:51 TOKEN name:nl
2014/04/09 17:33:51 NEWTOKENS [name:nl]
2014/04/09 17:33:51 TOKEN built-in:len
2014/04/09 17:33:51 TOKEN name:nl
2014/04/09 17:33:51 NEWTOKENS [name:nl]
2014/04/09 17:33:51 NEWTOKENS [built-in:len name:nl]
2014/04/09 17:33:51 SUCCESSFULL REPLACEMENT WITH name:_length_of_nl
2014/04/09 17:33:51 system call:
2014/04/09 17:33:51 built-in:syscall
2014/04/09 17:33:51 value:1
2014/04/09 17:33:51 value:1
2014/04/09 17:33:51 name:nl
2014/04/09 17:33:51 name:_length_of_nl
2014/04/09 17:33:51 TOKEN built-in:syscall
2014/04/09 17:33:51 TOKEN value:1
2014/04/09 17:33:51 NEWTOKENS [value:1]
2014/04/09 17:33:51 NEWTOKENS [built-in:syscall value:1]
2014/04/09 17:33:51 TOKEN value:1
2014/04/09 17:33:51 NEWTOKENS [value:1]
2014/04/09 17:33:51 TOKEN name:bottle
2014/04/09 17:33:51 NEWTOKENS [name:bottle]
2014/04/09 17:33:51 TOKEN built-in:len
2014/04/09 17:33:51 TOKEN name:bottle
2014/04/09 17:33:51 NEWTOKENS [name:bottle]
2014/04/09 17:33:51 NEWTOKENS [built-in:len name:bottle]
2014/04/09 17:33:51 SUCCESSFULL REPLACEMENT WITH name:_length_of_bottle
2014/04/09 17:33:51 system call:
2014/04/09 17:33:51 built-in:syscall
2014/04/09 17:33:51 value:1
2014/04/09 17:33:51 value:1
2014/04/09 17:33:51 name:bottle
2014/04/09 17:33:51 name:_length_of_bottle
2014/04/09 17:33:51 TOKEN built-in:syscall
2014/04/09 17:33:51 TOKEN value:1
2014/04/09 17:33:51 NEWTOKENS [value:1]
2014/04/09 17:33:51 NEWTOKENS [built-in:syscall value:1]
2014/04/09 17:33:51 TOKEN value:1
2014/04/09 17:33:51 NEWTOKENS [value:1]
2014/04/09 17:33:51 TOKEN name:ofbeer
2014/04/09 17:33:51 NEWTOKENS [name:ofbeer]
2014/04/09 17:33:51 TOKEN built-in:len
2014/04/09 17:33:51 TOKEN name:ofbeer
2014/04/09 17:33:51 NEWTOKENS [name:ofbeer]
2014/04/09 17:33:51 NEWTOKENS [built-in:len name:ofbeer]
2014/04/09 17:33:51 SUCCESSFULL REPLACEMENT WITH name:_length_of_ofbeer
2014/04/09 17:33:51 system call:
2014/04/09 17:33:51 built-in:syscall
2014/04/09 17:33:51 value:1
2014/04/09 17:33:51 value:1
2014/04/09 17:33:51 name:ofbeer
2014/04/09 17:33:51 name:_length_of_ofbeer
2014/04/09 17:33:51 TOKEN built-in:syscall
2014/04/09 17:33:51 TOKEN value:1
2014/04/09 17:33:51 NEWTOKENS [value:1]
2014/04/09 17:33:51 NEWTOKENS [built-in:syscall value:1]
2014/04/09 17:33:51 TOKEN value:1
2014/04/09 17:33:51 NEWTOKENS [value:1]
2014/04/09 17:33:51 TOKEN name:wall
2014/04/09 17:33:51 NEWTOKENS [name:wall]
2014/04/09 17:33:51 TOKEN built-in:len
2014/04/09 17:33:51 TOKEN name:wall
2014/04/09 17:33:51 NEWTOKENS [name:wall]
2014/04/09 17:33:51 NEWTOKENS [built-in:len name:wall]
2014/04/09 17:33:51 SUCCESSFULL REPLACEMENT WITH name:_length_of_wall
2014/04/09 17:33:51 system call:
2014/04/09 17:33:51 built-in:syscall
2014/04/09 17:33:51 value:1
2014/04/09 17:33:51 value:1
2014/04/09 17:33:51 name:wall
2014/04/09 17:33:51 name:_length_of_wall
2014/04/09 17:33:51 TOKEN built-in:syscall
2014/04/09 17:33:51 TOKEN value:1
2014/04/09 17:33:51 NEWTOKENS [value:1]
2014/04/09 17:33:51 NEWTOKENS [built-in:syscall value:1]
2014/04/09 17:33:51 TOKEN value:1
2014/04/09 17:33:51 NEWTOKENS [value:1]
2014/04/09 17:33:51 TOKEN name:sep
2014/04/09 17:33:51 NEWTOKENS [name:sep]
2014/04/09 17:33:51 TOKEN built-in:len
2014/04/09 17:33:51 TOKEN name:sep
2014/04/09 17:33:51 NEWTOKENS [name:sep]
2014/04/09 17:33:51 NEWTOKENS [built-in:len name:sep]
2014/04/09 17:33:51 SUCCESSFULL REPLACEMENT WITH name:_length_of_sep
2014/04/09 17:33:51 system call:
2014/04/09 17:33:51 built-in:syscall
2014/04/09 17:33:51 value:1
2014/04/09 17:33:51 value:1
2014/04/09 17:33:51 name:sep
2014/04/09 17:33:51 name:_length_of_sep
2014/04/09 17:33:51 TOKEN built-in:syscall
2014/04/09 17:33:51 TOKEN value:1
2014/04/09 17:33:51 NEWTOKENS [value:1]
2014/04/09 17:33:51 NEWTOKENS [built-in:syscall value:1]
2014/04/09 17:33:51 TOKEN value:1
2014/04/09 17:33:51 NEWTOKENS [value:1]
2014/04/09 17:33:51 TOKEN name:bottle
2014/04/09 17:33:51 NEWTOKENS [name:bottle]
2014/04/09 17:33:51 TOKEN built-in:len
2014/04/09 17:33:51 TOKEN name:bottle
2014/04/09 17:33:51 NEWTOKENS [name:bottle]
2014/04/09 17:33:51 NEWTOKENS [built-in:len name:bottle]
2014/04/09 17:33:51 SUCCESSFULL REPLACEMENT WITH name:_length_of_bottle
2014/04/09 17:33:51 system call:
2014/04/09 17:33:51 built-in:syscall
2014/04/09 17:33:51 value:1
2014/04/09 17:33:51 value:1
2014/04/09 17:33:51 name:bottle
2014/04/09 17:33:51 name:_length_of_bottle
2014/04/09 17:33:51 TOKEN built-in:syscall
2014/04/09 17:33:51 TOKEN value:1
2014/04/09 17:33:51 NEWTOKENS [value:1]
2014/04/09 17:33:51 NEWTOKENS [built-in:syscall value:1]
2014/04/09 17:33:51 TOKEN value:1
2014/04/09 17:33:51 NEWTOKENS [value:1]
2014/04/09 17:33:51 TOKEN name:ofbeer
2014/04/09 17:33:51 NEWTOKENS [name:ofbeer]
2014/04/09 17:33:51 TOKEN built-in:len
2014/04/09 17:33:51 TOKEN name:ofbeer
2014/04/09 17:33:51 NEWTOKENS [name:ofbeer]
2014/04/09 17:33:51 NEWTOKENS [built-in:len name:ofbeer]
2014/04/09 17:33:51 SUCCESSFULL REPLACEMENT WITH name:_length_of_ofbeer
2014/04/09 17:33:51 system call:
2014/04/09 17:33:51 built-in:syscall
2014/04/09 17:33:51 value:1
2014/04/09 17:33:51 value:1
2014/04/09 17:33:51 name:ofbeer
2014/04/09 17:33:51 name:_length_of_ofbeer
2014/04/09 17:33:51 TOKEN built-in:syscall
2014/04/09 17:33:51 TOKEN value:1
2014/04/09 17:33:51 NEWTOKENS [value:1]
2014/04/09 17:33:51 NEWTOKENS [built-in:syscall value:1]
2014/04/09 17:33:51 TOKEN value:1
2014/04/09 17:33:51 NEWTOKENS [value:1]
2014/04/09 17:33:51 TOKEN name:dotnl
2014/04/09 17:33:51 NEWTOKENS [name:dotnl]
2014/04/09 17:33:51 TOKEN built-in:len
2014/04/09 17:33:51 TOKEN name:dotnl
2014/04/09 17:33:51 NEWTOKENS [name:dotnl]
2014/04/09 17:33:51 NEWTOKENS [built-in:len name:dotnl]
2014/04/09 17:33:51 SUCCESSFULL REPLACEMENT WITH name:_length_of_dotnl
2014/04/09 17:33:51 system call:
2014/04/09 17:33:51 built-in:syscall
2014/04/09 17:33:51 value:1
2014/04/09 17:33:51 value:1
2014/04/09 17:33:51 name:dotnl
2014/04/09 17:33:51 name:_length_of_dotnl
2014/04/09 17:33:51 TOKEN built-in:syscall
2014/04/09 17:33:51 TOKEN value:1
2014/04/09 17:33:51 NEWTOKENS [value:1]
2014/04/09 17:33:51 NEWTOKENS [built-in:syscall value:1]
2014/04/09 17:33:51 TOKEN value:1
2014/04/09 17:33:51 NEWTOKENS [value:1]
2014/04/09 17:33:51 TOKEN name:takedown
2014/04/09 17:33:51 NEWTOKENS [name:takedown]
2014/04/09 17:33:51 TOKEN built-in:len
2014/04/09 17:33:51 TOKEN name:takedown
2014/04/09 17:33:51 NEWTOKENS [name:takedown]
2014/04/09 17:33:51 NEWTOKENS [built-in:len name:takedown]
2014/04/09 17:33:51 SUCCESSFULL REPLACEMENT WITH name:_length_of_takedown
2014/04/09 17:33:51 system call:
2014/04/09 17:33:51 built-in:syscall
2014/04/09 17:33:51 value:1
2014/04/09 17:33:51 value:1
2014/04/09 17:33:51 name:takedown
2014/04/09 17:33:51 name:_length_of_takedown
2014/04/09 17:33:51 TOKEN built-in:syscall
2014/04/09 17:33:51 TOKEN value:1
2014/04/09 17:33:51 NEWTOKENS [value:1]
2014/04/09 17:33:51 NEWTOKENS [built-in:syscall value:1]
2014/04/09 17:33:51 TOKEN value:1
2014/04/09 17:33:51 NEWTOKENS [value:1]
2014/04/09 17:33:51 TOKEN name:l_no
2014/04/09 17:33:51 NEWTOKENS [name:l_no]
2014/04/09 17:33:51 TOKEN built-in:len
2014/04/09 17:33:51 TOKEN name:l_no
2014/04/09 17:33:51 NEWTOKENS [name:l_no]
2014/04/09 17:33:51 NEWTOKENS [built-in:len name:l_no]
2014/04/09 17:33:51 SUCCESSFULL REPLACEMENT WITH name:_length_of_l_no
2014/04/09 17:33:51 system call:
2014/04/09 17:33:51 built-in:syscall
2014/04/09 17:33:51 value:1
2014/04/09 17:33:51 value:1
2014/04/09 17:33:51 name:l_no
2014/04/09 17:33:51 name:_length_of_l_no
2014/04/09 17:33:51 TOKEN built-in:syscall
2014/04/09 17:33:51 TOKEN value:1
2014/04/09 17:33:51 NEWTOKENS [value:1]
2014/04/09 17:33:51 NEWTOKENS [built-in:syscall value:1]
2014/04/09 17:33:51 TOKEN value:1
2014/04/09 17:33:51 NEWTOKENS [value:1]
2014/04/09 17:33:51 TOKEN name:more
2014/04/09 17:33:51 NEWTOKENS [name:more]
2014/04/09 17:33:51 TOKEN built-in:len
2014/04/09 17:33:51 TOKEN name:more
2014/04/09 17:33:51 NEWTOKENS [name:more]
2014/04/09 17:33:51 NEWTOKENS [built-in:len name:more]
2014/04/09 17:33:51 SUCCESSFULL REPLACEMENT WITH name:_length_of_more
2014/04/09 17:33:51 system call:
2014/04/09 17:33:51 built-in:syscall
2014/04/09 17:33:51 value:1
2014/04/09 17:33:51 value:1
2014/04/09 17:33:51 name:more
2014/04/09 17:33:51 name:_length_of_more
2014/04/09 17:33:51 TOKEN built-in:syscall
2014/04/09 17:33:51 TOKEN value:1
2014/04/09 17:33:51 NEWTOKENS [value:1]
2014/04/09 17:33:51 NEWTOKENS [built-in:syscall value:1]
2014/04/09 17:33:51 TOKEN value:1
2014/04/09 17:33:51 NEWTOKENS [value:1]
2014/04/09 17:33:51 TOKEN name:wall
2014/04/09 17:33:51 NEWTOKENS [name:wall]
2014/04/09 17:33:51 TOKEN built-in:len
2014/04/09 17:33:51 TOKEN name:wall
2014/04/09 17:33:51 NEWTOKENS [name:wall]
2014/04/09 17:33:51 NEWTOKENS [built-in:len name:wall]
2014/04/09 17:33:51 SUCCESSFULL REPLACEMENT WITH name:_length_of_wall
2014/04/09 17:33:51 system call:
2014/04/09 17:33:51 built-in:syscall
2014/04/09 17:33:51 value:1
2014/04/09 17:33:51 value:1
2014/04/09 17:33:51 name:wall
2014/04/09 17:33:51 name:_length_of_wall
2014/04/09 17:33:51 TOKEN built-in:syscall
2014/04/09 17:33:51 TOKEN value:1
2014/04/09 17:33:51 NEWTOKENS [value:1]
2014/04/09 17:33:51 NEWTOKENS [built-in:syscall value:1]
2014/04/09 17:33:51 TOKEN value:1
2014/04/09 17:33:51 NEWTOKENS [value:1]
2014/04/09 17:33:51 TOKEN name:dotnl
2014/04/09 17:33:51 NEWTOKENS [name:dotnl]
2014/04/09 17:33:51 TOKEN built-in:len
2014/04/09 17:33:51 TOKEN name:dotnl
2014/04/09 17:33:51 NEWTOKENS [name:dotnl]
2014/04/09 17:33:51 NEWTOKENS [built-in:len name:dotnl]
2014/04/09 17:33:51 SUCCESSFULL REPLACEMENT WITH name:_length_of_dotnl
2014/04/09 17:33:51 system call:
2014/04/09 17:33:51 built-in:syscall
2014/04/09 17:33:51 value:1
2014/04/09 17:33:51 value:1
2014/04/09 17:33:51 name:dotnl
2014/04/09 17:33:51 name:_length_of_dotnl
2014/04/09 17:33:51 TOKEN built-in:syscall
2014/04/09 17:33:51 TOKEN value:1
2014/04/09 17:33:51 NEWTOKENS [value:1]
2014/04/09 17:33:51 NEWTOKENS [built-in:syscall value:1]
2014/04/09 17:33:51 TOKEN value:1
2014/04/09 17:33:51 NEWTOKENS [value:1]
2014/04/09 17:33:51 TOKEN name:nl
2014/04/09 17:33:51 NEWTOKENS [name:nl]
2014/04/09 17:33:51 TOKEN built-in:len
2014/04/09 17:33:51 TOKEN name:nl
2014/04/09 17:33:51 NEWTOKENS [name:nl]
2014/04/09 17:33:51 NEWTOKENS [built-in:len name:nl]
2014/04/09 17:33:51 SUCCESSFULL REPLACEMENT WITH name:_length_of_nl
2014/04/09 17:33:51 system call:
2014/04/09 17:33:51 built-in:syscall
2014/04/09 17:33:51 value:1
2014/04/09 17:33:51 value:1
2014/04/09 17:33:51 name:nl
2014/04/09 17:33:51 name:_length_of_nl
2014/04/09 17:33:51 TOKEN built-in:syscall
2014/04/09 17:33:51 TOKEN value:1
2014/04/09 17:33:51 NEWTOKENS [value:1]
2014/04/09 17:33:51 NEWTOKENS [built-in:syscall value:1]
2014/04/09 17:33:51 TOKEN value:1
2014/04/09 17:33:51 NEWTOKENS [value:1]
2014/04/09 17:33:51 TOKEN name:u_no
2014/04/09 17:33:51 NEWTOKENS [name:u_no]
2014/04/09 17:33:51 TOKEN built-in:len
2014/04/09 17:33:51 TOKEN name:u_no
2014/04/09 17:33:51 NEWTOKENS [name:u_no]
2014/04/09 17:33:51 NEWTOKENS [built-in:len name:u_no]
2014/04/09 17:33:51 SUCCESSFULL REPLACEMENT WITH name:_length_of_u_no
2014/04/09 17:33:51 system call:
2014/04/09 17:33:51 built-in:syscall
2014/04/09 17:33:51 value:1
2014/04/09 17:33:51 value:1
2014/04/09 17:33:51 name:u_no
2014/04/09 17:33:51 name:_length_of_u_no
2014/04/09 17:33:51 TOKEN built-in:syscall
2014/04/09 17:33:51 TOKEN value:1
2014/04/09 17:33:51 NEWTOKENS [value:1]
2014/04/09 17:33:51 NEWTOKENS [built-in:syscall value:1]
2014/04/09 17:33:51 TOKEN value:1
2014/04/09 17:33:51 NEWTOKENS [value:1]
2014/04/09 17:33:51 TOKEN name:more
2014/04/09 17:33:51 NEWTOKENS [name:more]
2014/04/09 17:33:51 TOKEN built-in:len
2014/04/09 17:33:51 TOKEN name:more
2014/04/09 17:33:51 NEWTOKENS [name:more]
2014/04/09 17:33:51 NEWTOKENS [built-in:len name:more]
2014/04/09 17:33:51 SUCCESSFULL REPLACEMENT WITH name:_length_of_more
2014/04/09 17:33:51 system call:
2014/04/09 17:33:51 built-in:syscall
2014/04/09 17:33:51 value:1
2014/04/09 17:33:51 value:1
2014/04/09 17:33:51 name:more
2014/04/09 17:33:51 name:_length_of_more
2014/04/09 17:33:51 TOKEN built-in:syscall
2014/04/09 17:33:51 TOKEN value:1
2014/04/09 17:33:51 NEWTOKENS [value:1]
2014/04/09 17:33:51 NEWTOKENS [built-in:syscall value:1]
2014/04/09 17:33:51 TOKEN value:1
2014/04/09 17:33:51 NEWTOKENS [value:1]
2014/04/09 17:33:51 TOKEN name:wall
2014/04/09 17:33:51 NEWTOKENS [name:wall]
2014/04/09 17:33:51 TOKEN built-in:len
2014/04/09 17:33:51 TOKEN name:wall
2014/04/09 17:33:51 NEWTOKENS [name:wall]
2014/04/09 17:33:51 NEWTOKENS [built-in:len name:wall]
2014/04/09 17:33:51 SUCCESSFULL REPLACEMENT WITH name:_length_of_wall
2014/04/09 17:33:51 system call:
2014/04/09 17:33:51 built-in:syscall
2014/04/09 17:33:51 value:1
2014/04/09 17:33:51 value:1
2014/04/09 17:33:51 name:wall
2014/04/09 17:33:51 name:_length_of_wall
2014/04/09 17:33:51 TOKEN built-in:syscall
2014/04/09 17:33:51 TOKEN value:1
2014/04/09 17:33:51 NEWTOKENS [value:1]
2014/04/09 17:33:51 NEWTOKENS [built-in:syscall value:1]
2014/04/09 17:33:51 TOKEN value:1
2014/04/09 17:33:51 NEWTOKENS [value:1]
2014/04/09 17:33:51 TOKEN name:sep
2014/04/09 17:33:51 NEWTOKENS [name:sep]
2014/04/09 17:33:51 TOKEN built-in:len
2014/04/09 17:33:51 TOKEN name:sep
2014/04/09 17:33:51 NEWTOKENS [name:sep]
2014/04/09 17:33:51 NEWTOKENS [built-in:len name:sep]
2014/04/09 17:33:51 SUCCESSFULL REPLACEMENT WITH name:_length_of_sep
2014/04/09 17:33:51 system call:
2014/04/09 17:33:51 built-in:syscall
2014/04/09 17:33:51 value:1
2014/04/09 17:33:51 value:1
2014/04/09 17:33:51 name:sep
2014/04/09 17:33:51 name:_length_of_sep
2014/04/09 17:33:51 TOKEN built-in:syscall
2014/04/09 17:33:51 TOKEN value:1
2014/04/09 17:33:51 NEWTOKENS [value:1]
2014/04/09 17:33:51 NEWTOKENS [built-in:syscall value:1]
2014/04/09 17:33:51 TOKEN value:1
2014/04/09 17:33:51 NEWTOKENS [value:1]
2014/04/09 17:33:51 TOKEN name:l_no
2014/04/09 17:33:51 NEWTOKENS [name:l_no]
2014/04/09 17:33:51 TOKEN built-in:len
2014/04/09 17:33:51 TOKEN name:l_no
2014/04/09 17:33:51 NEWTOKENS [name:l_no]
2014/04/09 17:33:51 NEWTOKENS [built-in:len name:l_no]
2014/04/09 17:33:51 SUCCESSFULL REPLACEMENT WITH name:_length_of_l_no
2014/04/09 17:33:51 system call:
2014/04/09 17:33:51 built-in:syscall
2014/04/09 17:33:51 value:1
2014/04/09 17:33:51 value:1
2014/04/09 17:33:51 name:l_no
2014/04/09 17:33:51 name:_length_of_l_no
2014/04/09 17:33:51 TOKEN built-in:syscall
2014/04/09 17:33:51 TOKEN value:1
2014/04/09 17:33:51 NEWTOKENS [value:1]
2014/04/09 17:33:51 NEWTOKENS [built-in:syscall value:1]
2014/04/09 17:33:51 TOKEN value:1
2014/04/09 17:33:51 NEWTOKENS [value:1]
2014/04/09 17:33:51 TOKEN name:more
2014/04/09 17:33:51 NEWTOKENS [name:more]
2014/04/09 17:33:51 TOKEN built-in:len
2014/04/09 17:33:51 TOKEN name:more
2014/04/09 17:33:51 NEWTOKENS [name:more]
2014/04/09 17:33:51 NEWTOKENS [built-in:len name:more]
2014/04/09 17:33:51 SUCCESSFULL REPLACEMENT WITH name:_length_of_more
2014/04/09 17:33:51 system call:
2014/04/09 17:33:51 built-in:syscall
2014/04/09 17:33:51 value:1
2014/04/09 17:33:51 value:1
2014/04/09 17:33:51 name:more
2014/04/09 17:33:51 name:_length_of_more
2014/04/09 17:33:51 TOKEN built-in:syscall
2014/04/09 17:33:51 TOKEN value:1
2014/04/09 17:33:51 NEWTOKENS [value:1]
2014/04/09 17:33:51 NEWTOKENS [built-in:syscall value:1]
2014/04/09 17:33:51 TOKEN value:1
2014/04/09 17:33:51 NEWTOKENS [value:1]
2014/04/09 17:33:51 TOKEN name:dotnl
2014/04/09 17:33:51 NEWTOKENS [name:dotnl]
2014/04/09 17:33:51 TOKEN built-in:len
2014/04/09 17:33:51 TOKEN name:dotnl
2014/04/09 17:33:51 NEWTOKENS [name:dotnl]
2014/04/09 17:33:51 NEWTOKENS [built-in:len name:dotnl]
2014/04/09 17:33:51 SUCCESSFULL REPLACEMENT WITH name:_length_of_dotnl
2014/04/09 17:33:51 system call:
2014/04/09 17:33:51 built-in:syscall
2014/04/09 17:33:51 value:1
2014/04/09 17:33:51 value:1
2014/04/09 17:33:51 name:dotnl
2014/04/09 17:33:51 name:_length_of_dotnl
2014/04/09 17:33:51 TOKEN built-in:syscall
2014/04/09 17:33:51 TOKEN value:1
2014/04/09 17:33:51 NEWTOKENS [value:1]
2014/04/09 17:33:51 NEWTOKENS [built-in:syscall value:1]
2014/04/09 17:33:51 TOKEN value:1
2014/04/09 17:33:51 NEWTOKENS [value:1]
2014/04/09 17:33:51 TOKEN name:store
2014/04/09 17:33:51 NEWTOKENS [name:store]
2014/04/09 17:33:51 TOKEN built-in:len
2014/04/09 17:33:51 TOKEN name:store
2014/04/09 17:33:51 NEWTOKENS [name:store]
2014/04/09 17:33:51 NEWTOKENS [built-in:len name:store]
2014/04/09 17:33:51 SUCCESSFULL REPLACEMENT WITH name:_length_of_store
2014/04/09 17:33:51 system call:
2014/04/09 17:33:51 built-in:syscall
2014/04/09 17:33:51 value:1
2014/04/09 17:33:51 value:1
2014/04/09 17:33:51 name:store
2014/04/09 17:33:51 name:_length_of_store
2014/04/09 17:33:51 TOKEN built-in:syscall
2014/04/09 17:33:51 TOKEN value:1
2014/04/09 17:33:51 NEWTOKENS [value:1]
2014/04/09 17:33:51 NEWTOKENS [built-in:syscall value:1]
2014/04/09 17:33:51 TOKEN value:1
2014/04/09 17:33:51 NEWTOKENS [value:1]
2014/04/09 17:33:51 TOKEN name:bottle
2014/04/09 17:33:51 NEWTOKENS [name:bottle]
2014/04/09 17:33:51 TOKEN built-in:len
2014/04/09 17:33:51 TOKEN name:bottle
2014/04/09 17:33:51 NEWTOKENS [name:bottle]
2014/04/09 17:33:51 NEWTOKENS [built-in:len name:bottle]
2014/04/09 17:33:51 SUCCESSFULL REPLACEMENT WITH name:_length_of_bottle
2014/04/09 17:33:51 system call:
2014/04/09 17:33:51 built-in:syscall
2014/04/09 17:33:51 value:1
2014/04/09 17:33:51 value:1
2014/04/09 17:33:51 name:bottle
2014/04/09 17:33:51 name:_length_of_bottle
2014/04/09 17:33:51 TOKEN built-in:syscall
2014/04/09 17:33:51 TOKEN value:1
2014/04/09 17:33:51 NEWTOKENS [value:1]
2014/04/09 17:33:51 NEWTOKENS [built-in:syscall value:1]
2014/04/09 17:33:51 TOKEN value:1
2014/04/09 17:33:51 NEWTOKENS [value:1]
2014/04/09 17:33:51 TOKEN name:plural
2014/04/09 17:33:51 NEWTOKENS [name:plural]
2014/04/09 17:33:51 TOKEN built-in:len
2014/04/09 17:33:51 TOKEN name:plural
2014/04/09 17:33:51 NEWTOKENS [name:plural]
2014/04/09 17:33:51 NEWTOKENS [built-in:len name:plural]
2014/04/09 17:33:51 SUCCESSFULL REPLACEMENT WITH name:_length_of_plural
2014/04/09 17:33:51 system call:
2014/04/09 17:33:51 built-in:syscall
2014/04/09 17:33:51 value:1
2014/04/09 17:33:51 value:1
2014/04/09 17:33:51 name:plural
2014/04/09 17:33:51 name:_length_of_plural
2014/04/09 17:33:51 TOKEN built-in:syscall
2014/04/09 17:33:51 TOKEN value:1
2014/04/09 17:33:51 NEWTOKENS [value:1]
2014/04/09 17:33:51 NEWTOKENS [built-in:syscall value:1]
2014/04/09 17:33:51 TOKEN value:1
2014/04/09 17:33:51 NEWTOKENS [value:1]
2014/04/09 17:33:51 TOKEN name:ofbeer
2014/04/09 17:33:51 NEWTOKENS [name:ofbeer]
2014/04/09 17:33:51 TOKEN built-in:len
2014/04/09 17:33:51 TOKEN name:ofbeer
2014/04/09 17:33:51 NEWTOKENS [name:ofbeer]
2014/04/09 17:33:51 NEWTOKENS [built-in:len name:ofbeer]
2014/04/09 17:33:51 SUCCESSFULL REPLACEMENT WITH name:_length_of_ofbeer
2014/04/09 17:33:51 system call:
2014/04/09 17:33:51 built-in:syscall
2014/04/09 17:33:51 value:1
2014/04/09 17:33:51 value:1
2014/04/09 17:33:51 name:ofbeer
2014/04/09 17:33:51 name:_length_of_ofbeer
2014/04/09 17:33:51 TOKEN built-in:syscall
2014/04/09 17:33:51 TOKEN value:1
2014/04/09 17:33:51 NEWTOKENS [value:1]
2014/04/09 17:33:51 NEWTOKENS [built-in:syscall value:1]
2014/04/09 17:33:51 TOKEN value:1
2014/04/09 17:33:51 NEWTOKENS [value:1]
2014/04/09 17:33:51 TOKEN name:wall
2014/04/09 17:33:51 NEWTOKENS [name:wall]
2014/04/09 17:33:51 TOKEN built-in:len
2014/04/09 17:33:51 TOKEN name:wall
2014/04/09 17:33:51 NEWTOKENS [name:wall]
2014/04/09 17:33:51 NEWTOKENS [built-in:len name:wall]
2014/04/09 17:33:51 SUCCESSFULL REPLACEMENT WITH name:_length_of_wall
2014/04/09 17:33:51 system call:
2014/04/09 17:33:51 built-in:syscall
2014/04/09 17:33:51 value:1
2014/04/09 17:33:51 value:1
2014/04/09 17:33:51 name:wall
2014/04/09 17:33:51 name:_length_of_wall
2014/04/09 17:33:51 TOKEN built-in:syscall
2014/04/09 17:33:51 TOKEN value:1
2014/04/09 17:33:51 NEWTOKENS [value:1]
2014/04/09 17:33:51 NEWTOKENS [built-in:syscall value:1]
2014/04/09 17:33:51 TOKEN value:1
2014/04/09 17:33:51 NEWTOKENS [value:1]
2014/04/09 17:33:51 TOKEN name:dotnl
2014/04/09 17:33:51 NEWTOKENS [name:dotnl]
2014/04/09 17:33:51 TOKEN built-in:len
2014/04/09 17:33:51 TOKEN name:dotnl
2014/04/09 17:33:51 NEWTOKENS [name:dotnl]
2014/04/09 17:33:51 NEWTOKENS [built-in:len name:dotnl]
2014/04/09 17:33:51 SUCCESSFULL REPLACEMENT WITH name:_length_of_dotnl
2014/04/09 17:33:51 system call:
2014/04/09 17:33:51 built-in:syscall
2014/04/09 17:33:51 value:1
2014/04/09 17:33:51 value:1
2014/04/09 17:33:51 name:dotnl
2014/04/09 17:33:51 name:_length_of_dotnl
2014/04/09 17:33:51 No _start has been defined, creating one
2014/04/09 17:33:51 --- Finalizing ---
2014/04/09 17:33:51 Wrote bottles1.asm (14261 bytes)
2014/04/09 17:33:51 Done.

bottles1.o bottles1_c.o bottles1.asm bottles1 bottles1.log

bottles1 bottles1.asm bottles1.c bottles1.o bottles1_c.o bottles1 bottles1.log
