2014/11/07 18:25:50 Battlestar compiler
2014/11/07 18:25:50 Version 0.4
2014/11/07 18:25:50 Alexander Rødseth
2014/11/07 18:25:50 2014
2014/11/07 18:25:50 MIT licensed
2014/11/07 18:25:50 NEWTOKENS [keyword:asm]
2014/11/07 18:25:50 NEWTOKENS [value:16]
2014/11/07 18:25:50 NEWTOKENS [keyword:asm]
2014/11/07 18:25:50 NEWTOKENS [value:16]
2014/11/07 18:25:50 NEWTOKENS [keyword:asm]
2014/11/07 18:25:50 NEWTOKENS [value:16]
2014/11/07 18:25:50 NEWTOKENS [keyword:asm]
2014/11/07 18:25:50 NEWTOKENS [value:16]
2014/11/07 18:25:50 NEWTOKENS []
2014/11/07 18:25:50 NEWTOKENS [register:bx]
2014/11/07 18:25:50 NEWTOKENS [register:bx]
2014/11/07 18:25:50 NEWTOKENS [keyword:asm]
2014/11/07 18:25:50 NEWTOKENS [value:16]
2014/11/07 18:25:50 NEWTOKENS [register:bx addition:+= value:1]
2014/11/07 18:25:50 NEWTOKENS [keyword:asm]
2014/11/07 18:25:50 NEWTOKENS [value:16]
2014/11/07 18:25:50 NEWTOKENS [keyword:asm]
2014/11/07 18:25:50 NEWTOKENS [value:16]
2014/11/07 18:25:50 NEWTOKENS [keyword:asm]
2014/11/07 18:25:50 NEWTOKENS [value:16]
2014/11/07 18:25:50 NEWTOKENS [address expression:[si+bx]]
2014/11/07 18:25:50 NEWTOKENS [address expression:[si+bx]]
2014/11/07 18:25:50 NEWTOKENS [address expression:[si+bx]]
2014/11/07 18:25:50 NEWTOKENS [address expression:[si+bx]]
2014/11/07 18:25:50 NEWTOKENS [keyword:asm]
2014/11/07 18:25:50 NEWTOKENS [value:16]
2014/11/07 18:25:50 NEWTOKENS [keyword:asm]
2014/11/07 18:25:50 NEWTOKENS [value:16]
2014/11/07 18:25:50 NEWTOKENS [register:al]
2014/11/07 18:25:50 NEWTOKENS [segment+offset:[es:bx]]
2014/11/07 18:25:50 NEWTOKENS [segment+offset:[es:bx]]
2014/11/07 18:25:50 NEWTOKENS [keyword:asm]
2014/11/07 18:25:50 NEWTOKENS [value:16]
2014/11/07 18:25:50 NEWTOKENS [register:dx]
2014/11/07 18:25:50 NEWTOKENS [keyword:asm]
2014/11/07 18:25:50 NEWTOKENS [value:16]
2014/11/07 18:25:50 NEWTOKENS [register:dx]
2014/11/07 18:25:50 NEWTOKENS [keyword:asm]
2014/11/07 18:25:50 NEWTOKENS [value:16]
2014/11/07 18:25:50 NEWTOKENS [register:dx]
2014/11/07 18:25:50 NEWTOKENS [register:bx addition:+= value:1]
2014/11/07 18:25:50 NEWTOKENS [keyword:asm]
2014/11/07 18:25:50 NEWTOKENS [value:16]
2014/11/07 18:25:50 NEWTOKENS [register:al]
2014/11/07 18:25:50 NEWTOKENS [register:ax subtraction:-= value:1]
2014/11/07 18:25:50 NEWTOKENS [keyword:asm]
2014/11/07 18:25:50 NEWTOKENS [value:16]
2014/11/07 18:25:50 NEWTOKENS [keyword:asm]
2014/11/07 18:25:50 NEWTOKENS [value:16]
2014/11/07 18:25:50 NEWTOKENS [keyword:asm]
2014/11/07 18:25:50 NEWTOKENS [value:16]
2014/11/07 18:25:50 NEWTOKENS [keyword:asm]
2014/11/07 18:25:50 NEWTOKENS [value:16]
2014/11/07 18:25:50 NEWTOKENS [keyword:asm]
2014/11/07 18:25:50 NEWTOKENS [value:16]
2014/11/07 18:25:50 NEWTOKENS []
2014/11/07 18:25:50 NEWTOKENS [register:bx]
2014/11/07 18:25:50 NEWTOKENS [register:bx]
2014/11/07 18:25:50 NEWTOKENS [keyword:asm]
2014/11/07 18:25:50 NEWTOKENS [value:16]
2014/11/07 18:25:50 NEWTOKENS [register:bx addition:+= value:1]
2014/11/07 18:25:50 NEWTOKENS [keyword:asm]
2014/11/07 18:25:50 NEWTOKENS [value:16]
2014/11/07 18:25:50 NEWTOKENS [keyword:asm]
2014/11/07 18:25:50 NEWTOKENS [value:16]
2014/11/07 18:25:50 NEWTOKENS [keyword:asm]
2014/11/07 18:25:50 NEWTOKENS [value:16]
2014/11/07 18:25:50 NEWTOKENS [address expression:[si+bx]]
2014/11/07 18:25:50 NEWTOKENS [address expression:[si+bx]]
2014/11/07 18:25:50 NEWTOKENS [address expression:[si+bx]]
2014/11/07 18:25:50 NEWTOKENS [address expression:[si+bx]]
2014/11/07 18:25:50 NEWTOKENS [keyword:asm]
2014/11/07 18:25:50 NEWTOKENS [value:16]
2014/11/07 18:25:50 NEWTOKENS [keyword:asm]
2014/11/07 18:25:50 NEWTOKENS [value:16]
2014/11/07 18:25:50 NEWTOKENS [register:al]
2014/11/07 18:25:50 NEWTOKENS [segment+offset:[es:bx]]
2014/11/07 18:25:50 NEWTOKENS [segment+offset:[es:bx]]
2014/11/07 18:25:50 NEWTOKENS [keyword:asm]
2014/11/07 18:25:50 NEWTOKENS [value:16]
2014/11/07 18:25:50 NEWTOKENS [register:dx]
2014/11/07 18:25:50 NEWTOKENS [keyword:asm]
2014/11/07 18:25:50 NEWTOKENS [value:16]
2014/11/07 18:25:50 NEWTOKENS [register:dx]
2014/11/07 18:25:50 NEWTOKENS [keyword:asm]
2014/11/07 18:25:50 NEWTOKENS [value:16]
2014/11/07 18:25:50 NEWTOKENS [register:dx]
2014/11/07 18:25:50 NEWTOKENS [register:bx addition:+= value:1]
2014/11/07 18:25:50 NEWTOKENS [keyword:asm]
2014/11/07 18:25:50 NEWTOKENS [value:16]
2014/11/07 18:25:50 NEWTOKENS [register:al]
2014/11/07 18:25:50 NEWTOKENS [register:ax subtraction:-= value:1]
2014/11/07 18:25:50 NEWTOKENS [keyword:asm]
2014/11/07 18:25:50 NEWTOKENS [value:16]
2014/11/07 18:25:50 --- Done tokenizing ---
2014/11/07 18:25:50 system call:
2014/11/07 18:25:50 built-in:int
2014/11/07 18:25:50 value:10
2014/11/07 18:25:50 Note: Adding 0x in front of interrupt 10
2014/11/07 18:25:50 No _start has been defined, creating one
2014/11/07 18:25:50 --- Finalizing ---
2014/11/07 18:25:50 Wrote shaker.asm (1101 bytes)
2014/11/07 18:25:50 Done.

shaker.o shaker_c.o shaker.asm shaker shaker.log
